2024-04-24 10:55:53 [main] INFO  c.company.AtmCardHolderApplication - Starting AtmCardHolderApplication using Java 17.0.9 with PID 17296 (C:\Users\hudoberdi23\Documents\AtmCardHolder\target\classes started by hudoberdi23 in C:\Users\hudoberdi23\Documents\AtmCardHolder)
2024-04-24 10:55:53 [main] INFO  c.company.AtmCardHolderApplication - The following 1 profile is active: "dev"
2024-04-24 10:55:55 [main] INFO  o.s.d.r.c.RepositoryConfigurationDelegate - Bootstrapping Spring Data JPA repositories in DEFAULT mode.
2024-04-24 10:55:56 [main] INFO  o.s.d.r.c.RepositoryConfigurationDelegate - Finished Spring Data repository scanning in 238 ms. Found 7 JPA repository interfaces.
2024-04-24 10:55:57 [main] INFO  o.s.b.w.e.tomcat.TomcatWebServer - Tomcat initialized with port 8581 (http)
2024-04-24 10:55:57 [main] INFO  o.a.catalina.core.StandardService - Starting service [Tomcat]
2024-04-24 10:55:57 [main] INFO  o.a.catalina.core.StandardEngine - Starting Servlet engine: [Apache Tomcat/10.1.19]
2024-04-24 10:55:57 [main] INFO  o.a.c.c.C.[Tomcat].[localhost].[/] - Initializing Spring embedded WebApplicationContext
2024-04-24 10:55:57 [main] INFO  o.s.b.w.s.c.ServletWebServerApplicationContext - Root WebApplicationContext: initialization completed in 3829 ms
2024-04-24 10:55:58 [main] INFO  o.h.jpa.internal.util.LogHelper - HHH000204: Processing PersistenceUnitInfo [name: default]
2024-04-24 10:55:58 [main] INFO  org.hibernate.Version - HHH000412: Hibernate ORM core version 6.4.4.Final
2024-04-24 10:55:58 [main] INFO  o.h.c.i.RegionFactoryInitiator - HHH000026: Second-level cache disabled
2024-04-24 10:55:59 [main] INFO  o.s.o.j.p.SpringPersistenceUnitInfo - No LoadTimeWeaver setup: ignoring JPA class transformer
2024-04-24 10:55:59 [main] INFO  com.zaxxer.hikari.HikariDataSource - HikariPool-1 - Starting...
2024-04-24 10:55:59 [main] INFO  com.zaxxer.hikari.pool.HikariPool - HikariPool-1 - Added connection org.postgresql.jdbc.PgConnection@58636b50
2024-04-24 10:55:59 [main] INFO  com.zaxxer.hikari.HikariDataSource - HikariPool-1 - Start completed.
2024-04-24 10:56:02 [main] INFO  o.h.e.t.j.p.i.JtaPlatformInitiator - HHH000489: No JTA platform available (set 'hibernate.transaction.jta.platform' to enable JTA platform integration)
2024-04-24 10:56:02 [main] INFO  o.s.o.j.LocalContainerEntityManagerFactoryBean - Initialized JPA EntityManagerFactory for persistence unit 'default'
2024-04-24 10:56:04 [main] WARN  o.s.b.a.o.j.JpaBaseConfiguration$JpaWebConfiguration - spring.jpa.open-in-view is enabled by default. Therefore, database queries may be performed during view rendering. Explicitly configure spring.jpa.open-in-view to disable this warning
2024-04-24 10:56:04 [main] DEBUG o.s.w.s.m.m.a.RequestMappingHandlerMapping - 21 mappings in 'requestMappingHandlerMapping'
2024-04-24 10:56:04 [main] DEBUG o.s.w.s.h.SimpleUrlHandlerMapping - Patterns [/webjars/**, /**] in 'resourceHandlerMapping'
2024-04-24 10:56:05 [main] DEBUG o.s.w.s.m.m.a.RequestMappingHandlerAdapter - ControllerAdvice beans: 0 @ModelAttribute, 0 @InitBinder, 1 RequestBodyAdvice, 1 ResponseBodyAdvice
2024-04-24 10:56:05 [main] DEBUG o.s.w.s.m.m.a.ExceptionHandlerExceptionResolver - ControllerAdvice beans: 1 @ExceptionHandler, 1 ResponseBodyAdvice
2024-04-24 10:56:05 [main] INFO  o.s.b.w.e.tomcat.TomcatWebServer - Tomcat started on port 8581 (http) with context path ''
2024-04-24 10:56:05 [main] INFO  c.company.AtmCardHolderApplication - Started AtmCardHolderApplication in 13.102 seconds (process running for 18.249)
2024-04-24 10:56:05 [main] INFO  c.company.utils.StartInitialization - --------- Successfully run Card Service  :>> 2024-04-24 10:56:05 <<------------->>
2024-04-24 10:56:18 [http-nio-8581-exec-1] INFO  o.a.c.c.C.[Tomcat].[localhost].[/] - Initializing Spring DispatcherServlet 'dispatcherServlet'
2024-04-24 10:56:18 [http-nio-8581-exec-1] INFO  o.s.web.servlet.DispatcherServlet - Initializing Servlet 'dispatcherServlet'
2024-04-24 10:56:18 [http-nio-8581-exec-1] DEBUG o.s.web.servlet.DispatcherServlet - Detected StandardServletMultipartResolver
2024-04-24 10:56:18 [http-nio-8581-exec-1] DEBUG o.s.web.servlet.DispatcherServlet - Detected AcceptHeaderLocaleResolver
2024-04-24 10:56:18 [http-nio-8581-exec-1] DEBUG o.s.web.servlet.DispatcherServlet - Detected FixedThemeResolver
2024-04-24 10:56:18 [http-nio-8581-exec-1] DEBUG o.s.web.servlet.DispatcherServlet - Detected org.springframework.web.servlet.view.DefaultRequestToViewNameTranslator@122a6078
2024-04-24 10:56:18 [http-nio-8581-exec-1] DEBUG o.s.web.servlet.DispatcherServlet - Detected org.springframework.web.servlet.support.SessionFlashMapManager@28705150
2024-04-24 10:56:18 [http-nio-8581-exec-1] DEBUG o.s.web.servlet.DispatcherServlet - enableLoggingRequestDetails='false': request parameters and headers will be masked to prevent unsafe logging of potentially sensitive data
2024-04-24 10:56:18 [http-nio-8581-exec-1] INFO  o.s.web.servlet.DispatcherServlet - Completed initialization in 9 ms
2024-04-24 10:56:18 [http-nio-8581-exec-1] DEBUG o.s.web.servlet.DispatcherServlet - PUT "/card/fill", parameters={}
2024-04-24 10:56:18 [http-nio-8581-exec-1] DEBUG o.s.w.s.m.m.a.RequestMappingHandlerMapping - Mapped to com.company.controller.CardController#fillCard(FillCardReqDto, HttpServletRequest)
2024-04-24 10:56:19 [http-nio-8581-exec-1] DEBUG o.s.w.s.m.m.a.RequestResponseBodyMethodProcessor - Read "application/json;charset=UTF-8" to [FillCardReqDto(cardNumber=8600730193939007, amount=600000.0, pinCode=1122, currencyId=1)]
2024-04-24 10:56:19 [http-nio-8581-exec-1] DEBUG o.s.w.s.m.m.a.ExceptionHandlerExceptionResolver - Using @ExceptionHandler com.company.exps.advice.ControllerAdvice#on(NotFoundException)
2024-04-24 10:56:19 [http-nio-8581-exec-1] DEBUG o.s.w.s.m.m.a.HttpEntityMethodProcessor - Using 'application/json', given [*/*] and supported [application/json, application/*+json]
2024-04-24 10:56:19 [http-nio-8581-exec-1] DEBUG o.s.w.s.m.m.a.HttpEntityMethodProcessor - Writing [com.company.dto.response.ResponseMessage@6cf1304f]
2024-04-24 10:56:19 [http-nio-8581-exec-1] DEBUG o.s.w.s.m.m.a.ExceptionHandlerExceptionResolver - Resolved [com.company.exps.NotFoundException: Card Number is Wrong]
2024-04-24 10:56:19 [http-nio-8581-exec-1] DEBUG o.s.web.servlet.DispatcherServlet - Completed 409 CONFLICT
2024-04-24 10:59:14 [SpringApplicationShutdownHook] INFO  o.s.o.j.LocalContainerEntityManagerFactoryBean - Closing JPA EntityManagerFactory for persistence unit 'default'
2024-04-24 10:59:14 [SpringApplicationShutdownHook] INFO  com.zaxxer.hikari.HikariDataSource - HikariPool-1 - Shutdown initiated...
2024-04-24 10:59:14 [SpringApplicationShutdownHook] INFO  com.zaxxer.hikari.HikariDataSource - HikariPool-1 - Shutdown completed.
2024-04-24 10:59:30 [main] INFO  c.company.AtmCardHolderApplication - Starting AtmCardHolderApplication using Java 17.0.9 with PID 11996 (C:\Users\hudoberdi23\Documents\AtmCardHolder\target\classes started by hudoberdi23 in C:\Users\hudoberdi23\Documents\AtmCardHolder)
2024-04-24 10:59:30 [main] INFO  c.company.AtmCardHolderApplication - The following 1 profile is active: "dev"
2024-04-24 10:59:31 [main] INFO  o.s.d.r.c.RepositoryConfigurationDelegate - Bootstrapping Spring Data JPA repositories in DEFAULT mode.
2024-04-24 10:59:32 [main] INFO  o.s.d.r.c.RepositoryConfigurationDelegate - Finished Spring Data repository scanning in 164 ms. Found 7 JPA repository interfaces.
2024-04-24 10:59:33 [main] INFO  o.s.b.w.e.tomcat.TomcatWebServer - Tomcat initialized with port 8581 (http)
2024-04-24 10:59:33 [main] INFO  o.a.catalina.core.StandardService - Starting service [Tomcat]
2024-04-24 10:59:33 [main] INFO  o.a.catalina.core.StandardEngine - Starting Servlet engine: [Apache Tomcat/10.1.19]
2024-04-24 10:59:33 [main] INFO  o.a.c.c.C.[Tomcat].[localhost].[/] - Initializing Spring embedded WebApplicationContext
2024-04-24 10:59:33 [main] INFO  o.s.b.w.s.c.ServletWebServerApplicationContext - Root WebApplicationContext: initialization completed in 2951 ms
2024-04-24 10:59:33 [main] INFO  o.h.jpa.internal.util.LogHelper - HHH000204: Processing PersistenceUnitInfo [name: default]
2024-04-24 10:59:33 [main] INFO  org.hibernate.Version - HHH000412: Hibernate ORM core version 6.4.4.Final
2024-04-24 10:59:33 [main] INFO  o.h.c.i.RegionFactoryInitiator - HHH000026: Second-level cache disabled
2024-04-24 10:59:34 [main] INFO  o.s.o.j.p.SpringPersistenceUnitInfo - No LoadTimeWeaver setup: ignoring JPA class transformer
2024-04-24 10:59:34 [main] INFO  com.zaxxer.hikari.HikariDataSource - HikariPool-1 - Starting...
2024-04-24 10:59:34 [main] INFO  com.zaxxer.hikari.pool.HikariPool - HikariPool-1 - Added connection org.postgresql.jdbc.PgConnection@709d6de5
2024-04-24 10:59:34 [main] INFO  com.zaxxer.hikari.HikariDataSource - HikariPool-1 - Start completed.
2024-04-24 10:59:37 [main] INFO  o.h.e.t.j.p.i.JtaPlatformInitiator - HHH000489: No JTA platform available (set 'hibernate.transaction.jta.platform' to enable JTA platform integration)
2024-04-24 10:59:37 [main] INFO  o.s.o.j.LocalContainerEntityManagerFactoryBean - Initialized JPA EntityManagerFactory for persistence unit 'default'
2024-04-24 10:59:38 [main] WARN  o.s.b.a.o.j.JpaBaseConfiguration$JpaWebConfiguration - spring.jpa.open-in-view is enabled by default. Therefore, database queries may be performed during view rendering. Explicitly configure spring.jpa.open-in-view to disable this warning
2024-04-24 10:59:39 [main] DEBUG o.s.w.s.m.m.a.RequestMappingHandlerMapping - 21 mappings in 'requestMappingHandlerMapping'
2024-04-24 10:59:39 [main] DEBUG o.s.w.s.h.SimpleUrlHandlerMapping - Patterns [/webjars/**, /**] in 'resourceHandlerMapping'
2024-04-24 10:59:39 [main] DEBUG o.s.w.s.m.m.a.RequestMappingHandlerAdapter - ControllerAdvice beans: 0 @ModelAttribute, 0 @InitBinder, 1 RequestBodyAdvice, 1 ResponseBodyAdvice
2024-04-24 10:59:39 [main] DEBUG o.s.w.s.m.m.a.ExceptionHandlerExceptionResolver - ControllerAdvice beans: 1 @ExceptionHandler, 1 ResponseBodyAdvice
2024-04-24 10:59:39 [main] INFO  o.s.b.w.e.tomcat.TomcatWebServer - Tomcat started on port 8581 (http) with context path ''
2024-04-24 10:59:39 [main] INFO  c.company.AtmCardHolderApplication - Started AtmCardHolderApplication in 10.619 seconds (process running for 13.108)
2024-04-24 10:59:39 [main] INFO  c.company.utils.StartInitialization - --------- Successfully run Card Service  :>> 2024-04-24 10:59:39 <<------------->>
2024-04-24 10:59:50 [http-nio-8581-exec-1] INFO  o.a.c.c.C.[Tomcat].[localhost].[/] - Initializing Spring DispatcherServlet 'dispatcherServlet'
2024-04-24 10:59:50 [http-nio-8581-exec-1] INFO  o.s.web.servlet.DispatcherServlet - Initializing Servlet 'dispatcherServlet'
2024-04-24 10:59:50 [http-nio-8581-exec-1] DEBUG o.s.web.servlet.DispatcherServlet - Detected StandardServletMultipartResolver
2024-04-24 10:59:50 [http-nio-8581-exec-1] DEBUG o.s.web.servlet.DispatcherServlet - Detected AcceptHeaderLocaleResolver
2024-04-24 10:59:50 [http-nio-8581-exec-1] DEBUG o.s.web.servlet.DispatcherServlet - Detected FixedThemeResolver
2024-04-24 10:59:50 [http-nio-8581-exec-1] DEBUG o.s.web.servlet.DispatcherServlet - Detected org.springframework.web.servlet.view.DefaultRequestToViewNameTranslator@1a899fcd
2024-04-24 10:59:50 [http-nio-8581-exec-1] DEBUG o.s.web.servlet.DispatcherServlet - Detected org.springframework.web.servlet.support.SessionFlashMapManager@36e9794c
2024-04-24 10:59:50 [http-nio-8581-exec-1] DEBUG o.s.web.servlet.DispatcherServlet - enableLoggingRequestDetails='false': request parameters and headers will be masked to prevent unsafe logging of potentially sensitive data
2024-04-24 10:59:50 [http-nio-8581-exec-1] INFO  o.s.web.servlet.DispatcherServlet - Completed initialization in 9 ms
2024-04-24 10:59:50 [http-nio-8581-exec-1] DEBUG o.s.web.servlet.DispatcherServlet - PUT "/card/fill", parameters={}
2024-04-24 10:59:50 [http-nio-8581-exec-1] DEBUG o.s.w.s.m.m.a.RequestMappingHandlerMapping - Mapped to com.company.controller.CardController#fillCard(FillCardReqDto, HttpServletRequest)
2024-04-24 10:59:50 [http-nio-8581-exec-1] DEBUG o.s.w.s.m.m.a.RequestResponseBodyMethodProcessor - Read "application/json;charset=UTF-8" to [FillCardReqDto(cardNumber=8600730193939007, amount=600000.0, pinCode=1122, currencyId=1)]
2024-04-24 10:59:50 [http-nio-8581-exec-1] DEBUG o.s.w.s.m.m.a.ExceptionHandlerExceptionResolver - Using @ExceptionHandler com.company.exps.advice.ControllerAdvice#on(CardException)
2024-04-24 10:59:50 [http-nio-8581-exec-1] ERROR c.c.exps.advice.ControllerAdvice - Error while filling card: Card Number is Wrong
2024-04-24 10:59:50 [http-nio-8581-exec-1] DEBUG o.s.w.s.m.m.a.HttpEntityMethodProcessor - Using 'application/json', given [*/*] and supported [application/json, application/*+json]
2024-04-24 10:59:50 [http-nio-8581-exec-1] DEBUG o.s.w.s.m.m.a.HttpEntityMethodProcessor - Writing [com.company.dto.response.ResponseMessage@62caf6b9]
2024-04-24 10:59:50 [http-nio-8581-exec-1] DEBUG o.s.w.s.m.m.a.ExceptionHandlerExceptionResolver - Resolved [com.company.exps.CardException: Error while filling card: Card Number is Wrong]
2024-04-24 10:59:50 [http-nio-8581-exec-1] DEBUG o.s.web.servlet.DispatcherServlet - Completed 202 ACCEPTED
2024-04-24 11:00:52 [http-nio-8581-exec-6] DEBUG o.s.web.servlet.DispatcherServlet - PUT "/card/fill", parameters={}
2024-04-24 11:00:52 [http-nio-8581-exec-6] DEBUG o.s.w.s.m.m.a.RequestMappingHandlerMapping - Mapped to com.company.controller.CardController#fillCard(FillCardReqDto, HttpServletRequest)
2024-04-24 11:00:52 [http-nio-8581-exec-6] DEBUG o.s.w.s.m.m.a.RequestResponseBodyMethodProcessor - Read "application/json;charset=UTF-8" to [FillCardReqDto(cardNumber=8600730193930007, amount=600000.0, pinCode=1121, currencyId=1)]
2024-04-24 11:00:52 [http-nio-8581-exec-6] DEBUG o.s.w.s.m.m.a.ExceptionHandlerExceptionResolver - Using @ExceptionHandler com.company.exps.advice.ControllerAdvice#on(CardException)
2024-04-24 11:00:52 [http-nio-8581-exec-6] ERROR c.c.exps.advice.ControllerAdvice - Error while filling card: Card is Blocked
2024-04-24 11:00:52 [http-nio-8581-exec-6] DEBUG o.s.w.s.m.m.a.HttpEntityMethodProcessor - Using 'application/json', given [*/*] and supported [application/json, application/*+json]
2024-04-24 11:00:52 [http-nio-8581-exec-6] DEBUG o.s.w.s.m.m.a.HttpEntityMethodProcessor - Writing [com.company.dto.response.ResponseMessage@7e5364ba]
2024-04-24 11:00:52 [http-nio-8581-exec-6] DEBUG o.s.w.s.m.m.a.ExceptionHandlerExceptionResolver - Resolved [com.company.exps.CardException: Error while filling card: Card is Blocked]
2024-04-24 11:00:52 [http-nio-8581-exec-6] DEBUG o.s.web.servlet.DispatcherServlet - Completed 202 ACCEPTED
2024-04-24 11:25:03 [SpringApplicationShutdownHook] INFO  o.s.o.j.LocalContainerEntityManagerFactoryBean - Closing JPA EntityManagerFactory for persistence unit 'default'
2024-04-24 11:25:03 [SpringApplicationShutdownHook] INFO  com.zaxxer.hikari.HikariDataSource - HikariPool-1 - Shutdown initiated...
2024-04-24 11:25:03 [SpringApplicationShutdownHook] INFO  com.zaxxer.hikari.HikariDataSource - HikariPool-1 - Shutdown completed.
2024-04-24 14:17:44 [main] INFO  o.s.t.c.s.AnnotationConfigContextLoaderUtils - Could not detect default configuration classes for test class [com.company.AtmCardHolderApplicationTests]: AtmCardHolderApplicationTests does not declare any static, non-private, non-final, nested classes annotated with @Configuration.
2024-04-24 14:17:44 [main] INFO  o.s.b.t.c.SpringBootTestContextBootstrapper - Found @SpringBootConfiguration com.company.AtmCardHolderApplication for test class com.company.AtmCardHolderApplicationTests
2024-04-24 14:17:46 [main] INFO  c.c.AtmCardHolderApplicationTests - Starting AtmCardHolderApplicationTests using Java 17.0.9 with PID 15032 (started by hudoberdi23 in C:\Users\hudoberdi23\Documents\AtmCardHolder)
2024-04-24 14:17:46 [main] INFO  c.c.AtmCardHolderApplicationTests - The following 1 profile is active: "dev"
2024-04-24 14:17:46 [main] DEBUG o.s.w.c.s.GenericWebApplicationContext - Refreshing org.springframework.web.context.support.GenericWebApplicationContext@72fe8a4f
2024-04-24 14:17:50 [main] INFO  o.s.d.r.c.RepositoryConfigurationDelegate - Bootstrapping Spring Data JPA repositories in DEFAULT mode.
2024-04-24 14:17:50 [main] INFO  o.s.d.r.c.RepositoryConfigurationDelegate - Finished Spring Data repository scanning in 301 ms. Found 7 JPA repository interfaces.
2024-04-24 14:17:51 [main] INFO  o.h.jpa.internal.util.LogHelper - HHH000204: Processing PersistenceUnitInfo [name: default]
2024-04-24 14:17:52 [main] INFO  org.hibernate.Version - HHH000412: Hibernate ORM core version 6.4.4.Final
2024-04-24 14:17:52 [main] INFO  o.h.c.i.RegionFactoryInitiator - HHH000026: Second-level cache disabled
2024-04-24 14:17:53 [main] INFO  o.s.o.j.p.SpringPersistenceUnitInfo - No LoadTimeWeaver setup: ignoring JPA class transformer
2024-04-24 14:17:53 [main] INFO  com.zaxxer.hikari.HikariDataSource - HikariPool-1 - Starting...
2024-04-24 14:17:54 [main] INFO  com.zaxxer.hikari.pool.HikariPool - HikariPool-1 - Added connection org.postgresql.jdbc.PgConnection@a69f9d
2024-04-24 14:17:54 [main] INFO  com.zaxxer.hikari.HikariDataSource - HikariPool-1 - Start completed.
2024-04-24 14:17:57 [main] INFO  o.h.e.t.j.p.i.JtaPlatformInitiator - HHH000489: No JTA platform available (set 'hibernate.transaction.jta.platform' to enable JTA platform integration)
2024-04-24 14:17:57 [main] INFO  o.s.o.j.LocalContainerEntityManagerFactoryBean - Initialized JPA EntityManagerFactory for persistence unit 'default'
2024-04-24 14:17:59 [main] WARN  o.s.b.a.o.j.JpaBaseConfiguration$JpaWebConfiguration - spring.jpa.open-in-view is enabled by default. Therefore, database queries may be performed during view rendering. Explicitly configure spring.jpa.open-in-view to disable this warning
2024-04-24 14:18:00 [main] DEBUG o.s.w.s.m.m.a.RequestMappingHandlerMapping - 21 mappings in 'requestMappingHandlerMapping'
2024-04-24 14:18:00 [main] DEBUG o.s.w.s.h.SimpleUrlHandlerMapping - Patterns [/webjars/**, /**] in 'resourceHandlerMapping'
2024-04-24 14:18:00 [main] DEBUG o.s.w.s.m.m.a.RequestMappingHandlerAdapter - ControllerAdvice beans: 0 @ModelAttribute, 0 @InitBinder, 1 RequestBodyAdvice, 1 ResponseBodyAdvice
2024-04-24 14:18:00 [main] DEBUG o.s.w.s.m.m.a.ExceptionHandlerExceptionResolver - ControllerAdvice beans: 1 @ExceptionHandler, 1 ResponseBodyAdvice
2024-04-24 14:18:01 [main] INFO  c.c.AtmCardHolderApplicationTests - Started AtmCardHolderApplicationTests in 16.155 seconds (process running for 20.626)
2024-04-24 14:18:01 [main] INFO  c.company.utils.StartInitialization - --------- Successfully run Card Service  :>> 2024-04-24 14:18:01 <<------------->>
2024-04-24 14:18:02 [SpringApplicationShutdownHook] DEBUG o.s.w.c.s.GenericWebApplicationContext - Closing org.springframework.web.context.support.GenericWebApplicationContext@72fe8a4f, started on Wed Apr 24 14:17:46 UZT 2024
2024-04-24 14:18:03 [SpringApplicationShutdownHook] INFO  o.s.o.j.LocalContainerEntityManagerFactoryBean - Closing JPA EntityManagerFactory for persistence unit 'default'
2024-04-24 14:18:03 [SpringApplicationShutdownHook] INFO  com.zaxxer.hikari.HikariDataSource - HikariPool-1 - Shutdown initiated...
2024-04-24 14:18:03 [SpringApplicationShutdownHook] INFO  com.zaxxer.hikari.HikariDataSource - HikariPool-1 - Shutdown completed.
2024-04-24 14:47:57 [main] INFO  c.company.AtmCardHolderApplication - Starting AtmCardHolderApplication using Java 17.0.9 with PID 8332 (C:\Users\hudoberdi23\Documents\AtmCardHolder\target\classes started by hudoberdi23 in C:\Users\hudoberdi23\Documents\AtmCardHolder)
2024-04-24 14:47:57 [main] INFO  c.company.AtmCardHolderApplication - The following 1 profile is active: "dev"
2024-04-24 14:47:59 [main] INFO  o.s.d.r.c.RepositoryConfigurationDelegate - Bootstrapping Spring Data JPA repositories in DEFAULT mode.
2024-04-24 14:48:00 [main] INFO  o.s.d.r.c.RepositoryConfigurationDelegate - Finished Spring Data repository scanning in 212 ms. Found 7 JPA repository interfaces.
2024-04-24 14:48:01 [main] INFO  o.s.b.w.e.tomcat.TomcatWebServer - Tomcat initialized with port 8581 (http)
2024-04-24 14:48:01 [main] INFO  o.a.catalina.core.StandardService - Starting service [Tomcat]
2024-04-24 14:48:01 [main] INFO  o.a.catalina.core.StandardEngine - Starting Servlet engine: [Apache Tomcat/10.1.19]
2024-04-24 14:48:01 [main] INFO  o.a.c.c.C.[Tomcat].[localhost].[/] - Initializing Spring embedded WebApplicationContext
2024-04-24 14:48:01 [main] INFO  o.s.b.w.s.c.ServletWebServerApplicationContext - Root WebApplicationContext: initialization completed in 3875 ms
2024-04-24 14:48:01 [main] INFO  o.h.jpa.internal.util.LogHelper - HHH000204: Processing PersistenceUnitInfo [name: default]
2024-04-24 14:48:01 [main] INFO  org.hibernate.Version - HHH000412: Hibernate ORM core version 6.4.4.Final
2024-04-24 14:48:01 [main] INFO  o.h.c.i.RegionFactoryInitiator - HHH000026: Second-level cache disabled
2024-04-24 14:48:02 [main] INFO  o.s.o.j.p.SpringPersistenceUnitInfo - No LoadTimeWeaver setup: ignoring JPA class transformer
2024-04-24 14:48:02 [main] INFO  com.zaxxer.hikari.HikariDataSource - HikariPool-1 - Starting...
2024-04-24 14:48:03 [main] INFO  com.zaxxer.hikari.pool.HikariPool - HikariPool-1 - Added connection org.postgresql.jdbc.PgConnection@273293c8
2024-04-24 14:48:03 [main] INFO  com.zaxxer.hikari.HikariDataSource - HikariPool-1 - Start completed.
2024-04-24 14:48:05 [main] INFO  o.h.e.t.j.p.i.JtaPlatformInitiator - HHH000489: No JTA platform available (set 'hibernate.transaction.jta.platform' to enable JTA platform integration)
2024-04-24 14:48:06 [main] INFO  o.s.o.j.LocalContainerEntityManagerFactoryBean - Initialized JPA EntityManagerFactory for persistence unit 'default'
2024-04-24 14:48:07 [main] WARN  o.s.b.a.o.j.JpaBaseConfiguration$JpaWebConfiguration - spring.jpa.open-in-view is enabled by default. Therefore, database queries may be performed during view rendering. Explicitly configure spring.jpa.open-in-view to disable this warning
2024-04-24 14:48:07 [main] DEBUG o.s.w.s.m.m.a.RequestMappingHandlerMapping - 21 mappings in 'requestMappingHandlerMapping'
2024-04-24 14:48:07 [main] DEBUG o.s.w.s.h.SimpleUrlHandlerMapping - Patterns [/webjars/**, /**] in 'resourceHandlerMapping'
2024-04-24 14:48:07 [main] DEBUG o.s.w.s.m.m.a.RequestMappingHandlerAdapter - ControllerAdvice beans: 0 @ModelAttribute, 0 @InitBinder, 1 RequestBodyAdvice, 1 ResponseBodyAdvice
2024-04-24 14:48:07 [main] DEBUG o.s.w.s.m.m.a.ExceptionHandlerExceptionResolver - ControllerAdvice beans: 1 @ExceptionHandler, 1 ResponseBodyAdvice
2024-04-24 14:48:08 [main] INFO  o.s.b.w.e.tomcat.TomcatWebServer - Tomcat started on port 8581 (http) with context path ''
2024-04-24 14:48:08 [main] INFO  c.company.AtmCardHolderApplication - Started AtmCardHolderApplication in 11.925 seconds (process running for 17.535)
2024-04-24 14:48:08 [main] INFO  c.company.utils.StartInitialization - --------- Successfully run Card Service  :>> 2024-04-24 14:48:08 <<------------->>
2024-04-24 14:48:13 [http-nio-8581-exec-2] INFO  o.a.c.c.C.[Tomcat].[localhost].[/] - Initializing Spring DispatcherServlet 'dispatcherServlet'
2024-04-24 14:48:13 [http-nio-8581-exec-2] INFO  o.s.web.servlet.DispatcherServlet - Initializing Servlet 'dispatcherServlet'
2024-04-24 14:48:13 [http-nio-8581-exec-2] DEBUG o.s.web.servlet.DispatcherServlet - Detected StandardServletMultipartResolver
2024-04-24 14:48:13 [http-nio-8581-exec-2] DEBUG o.s.web.servlet.DispatcherServlet - Detected AcceptHeaderLocaleResolver
2024-04-24 14:48:13 [http-nio-8581-exec-2] DEBUG o.s.web.servlet.DispatcherServlet - Detected FixedThemeResolver
2024-04-24 14:48:13 [http-nio-8581-exec-2] DEBUG o.s.web.servlet.DispatcherServlet - Detected org.springframework.web.servlet.view.DefaultRequestToViewNameTranslator@3c83e9ca
2024-04-24 14:48:13 [http-nio-8581-exec-2] DEBUG o.s.web.servlet.DispatcherServlet - Detected org.springframework.web.servlet.support.SessionFlashMapManager@50bc0bbd
2024-04-24 14:48:13 [http-nio-8581-exec-2] DEBUG o.s.web.servlet.DispatcherServlet - enableLoggingRequestDetails='false': request parameters and headers will be masked to prevent unsafe logging of potentially sensitive data
2024-04-24 14:48:13 [http-nio-8581-exec-2] INFO  o.s.web.servlet.DispatcherServlet - Completed initialization in 5 ms
2024-04-24 14:48:13 [http-nio-8581-exec-2] DEBUG o.s.web.servlet.DispatcherServlet - GET "/history/HistoryCashing", parameters={}
2024-04-24 14:48:13 [http-nio-8581-exec-2] DEBUG o.s.w.s.m.m.a.RequestMappingHandlerMapping - Mapped to com.company.controller.HistoryController#historyCard(HistoryReqDto, HttpServletRequest)
2024-04-24 14:48:13 [http-nio-8581-exec-2] DEBUG o.s.w.s.m.m.a.RequestResponseBodyMethodProcessor - Read "application/json;charset=UTF-8" to [HistoryReqDto(cardNumber=8600730193930007, pinCode=1122)]
2024-04-24 14:48:13 [http-nio-8581-exec-2] INFO  c.c.exps.advice.ControllerAdvice - Client host : 		 192.168.68.185
2024-04-24 14:48:13 [http-nio-8581-exec-2] INFO  c.c.exps.advice.ControllerAdvice - Client IP :  		 localhost
2024-04-24 14:48:14 [http-nio-8581-exec-2] INFO  com.company.entity.Card - Get All History of Card 		 HistoryReqDto(cardNumber=8600730193930007, pinCode=1122) 
2024-04-24 14:48:14 [http-nio-8581-exec-2] DEBUG o.s.w.s.m.m.a.HttpEntityMethodProcessor - Using 'application/json', given [*/*] and supported [application/json, application/*+json]
2024-04-24 14:48:14 [http-nio-8581-exec-2] DEBUG o.s.w.s.m.m.a.HttpEntityMethodProcessor - Writing [[HistoryWithAtmResDto(id=1, date=2024-04-19T17:35:54.002106, amount=100000.0, commission=99000.0, se (truncated)...]
2024-04-24 14:48:14 [http-nio-8581-exec-2] DEBUG o.s.web.servlet.DispatcherServlet - Completed 200 OK
2024-04-24 14:52:25 [http-nio-8581-exec-5] DEBUG o.s.web.servlet.DispatcherServlet - PUT "/card/transfer", parameters={}
2024-04-24 14:52:25 [http-nio-8581-exec-5] DEBUG o.s.w.s.m.m.a.RequestMappingHandlerMapping - Mapped to com.company.controller.CardController#transfer(TransferReqDto, HttpServletRequest)
2024-04-24 14:52:25 [http-nio-8581-exec-5] DEBUG o.s.w.s.m.m.a.RequestResponseBodyMethodProcessor - Read "application/json;charset=UTF-8" to [TransferReqDto(fromCard=8600730193930007, amount=10580.0, pinCode=1122, currencyId=1, toCard=8600730 (truncated)...]
2024-04-24 14:52:25 [http-nio-8581-exec-5] INFO  c.c.exps.advice.ControllerAdvice - Client host : 		 192.168.68.185
2024-04-24 14:52:25 [http-nio-8581-exec-5] INFO  c.c.exps.advice.ControllerAdvice - Client IP :  		 localhost
2024-04-24 14:52:25 [http-nio-8581-exec-5] INFO  com.company.entity.Card - Transfer  from card to card  		 TransferReqDto(fromCard=8600730193930007, amount=10580.0, pinCode=1122, currencyId=1, toCard=8600730181884881)
2024-04-24 14:52:25 [http-nio-8581-exec-5] DEBUG o.s.w.s.m.m.a.HttpEntityMethodProcessor - Using 'application/json', given [*/*] and supported [application/json, application/*+json]
2024-04-24 14:52:25 [http-nio-8581-exec-5] DEBUG o.s.w.s.m.m.a.HttpEntityMethodProcessor - Writing [TransferResDto(transferId=13, amount=10580.0, commission=105.8, date=2024-04-24T14:52:25.788945700,  (truncated)...]
2024-04-24 14:52:25 [http-nio-8581-exec-5] DEBUG o.s.web.servlet.DispatcherServlet - Completed 200 OK
2024-04-24 14:52:57 [http-nio-8581-exec-6] DEBUG o.s.web.servlet.DispatcherServlet - PUT "/card/transfer", parameters={}
2024-04-24 14:52:57 [http-nio-8581-exec-6] DEBUG o.s.w.s.m.m.a.RequestMappingHandlerMapping - Mapped to com.company.controller.CardController#transfer(TransferReqDto, HttpServletRequest)
2024-04-24 14:52:57 [http-nio-8581-exec-6] DEBUG o.s.w.s.m.m.a.RequestResponseBodyMethodProcessor - Read "application/json;charset=UTF-8" to [TransferReqDto(fromCard=8600730193930007, amount=10585.0, pinCode=1122, currencyId=1, toCard=8600730 (truncated)...]
2024-04-24 14:52:57 [http-nio-8581-exec-6] INFO  c.c.exps.advice.ControllerAdvice - Client host : 		 192.168.68.185
2024-04-24 14:52:57 [http-nio-8581-exec-6] INFO  c.c.exps.advice.ControllerAdvice - Client IP :  		 localhost
2024-04-24 14:52:57 [http-nio-8581-exec-6] INFO  com.company.entity.Card - Transfer  from card to card  		 TransferReqDto(fromCard=8600730193930007, amount=10585.0, pinCode=1122, currencyId=1, toCard=8600730181884881)
2024-04-24 14:52:57 [http-nio-8581-exec-6] DEBUG o.s.w.s.m.m.a.HttpEntityMethodProcessor - Using 'application/json', given [*/*] and supported [application/json, application/*+json]
2024-04-24 14:52:57 [http-nio-8581-exec-6] DEBUG o.s.w.s.m.m.a.HttpEntityMethodProcessor - Writing [TransferResDto(transferId=14, amount=10585.0, commission=105.85, date=2024-04-24T14:52:57.415086500, (truncated)...]
2024-04-24 14:52:57 [http-nio-8581-exec-6] DEBUG o.s.web.servlet.DispatcherServlet - Completed 200 OK
2024-04-24 14:53:12 [http-nio-8581-exec-7] DEBUG o.s.web.servlet.DispatcherServlet - PUT "/card/transfer", parameters={}
2024-04-24 14:53:12 [http-nio-8581-exec-7] DEBUG o.s.w.s.m.m.a.RequestMappingHandlerMapping - Mapped to com.company.controller.CardController#transfer(TransferReqDto, HttpServletRequest)
2024-04-24 14:53:12 [http-nio-8581-exec-7] DEBUG o.s.w.s.m.m.a.RequestResponseBodyMethodProcessor - Read "application/json;charset=UTF-8" to [TransferReqDto(fromCard=8600730193930007, amount=10585.0, pinCode=1122, currencyId=1, toCard=8600730 (truncated)...]
2024-04-24 14:53:12 [http-nio-8581-exec-7] INFO  c.c.exps.advice.ControllerAdvice - Client host : 		 192.168.68.185
2024-04-24 14:53:12 [http-nio-8581-exec-7] INFO  c.c.exps.advice.ControllerAdvice - Client IP :  		 localhost
2024-04-24 14:53:12 [http-nio-8581-exec-7] INFO  com.company.entity.Card - Transfer  from card to card  		 TransferReqDto(fromCard=8600730193930007, amount=10585.0, pinCode=1122, currencyId=1, toCard=8600730181884881)
2024-04-24 14:53:12 [http-nio-8581-exec-7] DEBUG o.s.w.s.m.m.a.HttpEntityMethodProcessor - Using 'application/json', given [*/*] and supported [application/json, application/*+json]
2024-04-24 14:53:12 [http-nio-8581-exec-7] DEBUG o.s.w.s.m.m.a.HttpEntityMethodProcessor - Writing [TransferResDto(transferId=15, amount=10585.0, commission=105.85, date=2024-04-24T14:53:12.047952400, (truncated)...]
2024-04-24 14:53:12 [http-nio-8581-exec-7] DEBUG o.s.web.servlet.DispatcherServlet - Completed 200 OK
2024-04-24 14:53:53 [http-nio-8581-exec-8] DEBUG o.s.web.servlet.DispatcherServlet - PUT "/card/transfer", parameters={}
2024-04-24 14:53:53 [http-nio-8581-exec-8] DEBUG o.s.w.s.m.m.a.RequestMappingHandlerMapping - Mapped to com.company.controller.CardController#transfer(TransferReqDto, HttpServletRequest)
2024-04-24 14:53:53 [http-nio-8581-exec-8] DEBUG o.s.w.s.m.m.a.RequestResponseBodyMethodProcessor - Read "application/json;charset=UTF-8" to [TransferReqDto(fromCard=8600730193930007, amount=7550.0, pinCode=1122, currencyId=1, toCard=86007301 (truncated)...]
2024-04-24 14:53:53 [http-nio-8581-exec-8] INFO  c.c.exps.advice.ControllerAdvice - Client host : 		 192.168.68.185
2024-04-24 14:53:53 [http-nio-8581-exec-8] INFO  c.c.exps.advice.ControllerAdvice - Client IP :  		 localhost
2024-04-24 14:53:53 [http-nio-8581-exec-8] INFO  com.company.entity.Card - Transfer  from card to card  		 TransferReqDto(fromCard=8600730193930007, amount=7550.0, pinCode=1122, currencyId=1, toCard=8600730181884881)
2024-04-24 14:53:53 [http-nio-8581-exec-8] DEBUG o.s.w.s.m.m.a.HttpEntityMethodProcessor - Using 'application/json', given [*/*] and supported [application/json, application/*+json]
2024-04-24 14:53:53 [http-nio-8581-exec-8] DEBUG o.s.w.s.m.m.a.HttpEntityMethodProcessor - Writing [TransferResDto(transferId=16, amount=7550.0, commission=75.5, date=2024-04-24T14:53:53.112116, fromC (truncated)...]
2024-04-24 14:53:53 [http-nio-8581-exec-8] DEBUG o.s.web.servlet.DispatcherServlet - Completed 200 OK
2024-04-24 14:54:02 [http-nio-8581-exec-9] DEBUG o.s.web.servlet.DispatcherServlet - PUT "/card/transfer", parameters={}
2024-04-24 14:54:02 [http-nio-8581-exec-9] DEBUG o.s.w.s.m.m.a.RequestMappingHandlerMapping - Mapped to com.company.controller.CardController#transfer(TransferReqDto, HttpServletRequest)
2024-04-24 14:54:02 [http-nio-8581-exec-9] DEBUG o.s.w.s.m.m.a.RequestResponseBodyMethodProcessor - Read "application/json;charset=UTF-8" to [TransferReqDto(fromCard=8600730193930007, amount=7550.0, pinCode=1122, currencyId=1, toCard=86007301 (truncated)...]
2024-04-24 14:54:02 [http-nio-8581-exec-9] INFO  c.c.exps.advice.ControllerAdvice - Client host : 		 192.168.68.185
2024-04-24 14:54:02 [http-nio-8581-exec-9] INFO  c.c.exps.advice.ControllerAdvice - Client IP :  		 localhost
2024-04-24 14:54:02 [http-nio-8581-exec-9] INFO  com.company.entity.Card - Transfer  from card to card  		 TransferReqDto(fromCard=8600730193930007, amount=7550.0, pinCode=1122, currencyId=1, toCard=8600730181884881)
2024-04-24 14:54:02 [http-nio-8581-exec-9] DEBUG o.s.w.s.m.m.a.HttpEntityMethodProcessor - Using 'application/json', given [*/*] and supported [application/json, application/*+json]
2024-04-24 14:54:02 [http-nio-8581-exec-9] DEBUG o.s.w.s.m.m.a.HttpEntityMethodProcessor - Writing [TransferResDto(transferId=17, amount=7550.0, commission=75.5, date=2024-04-24T14:54:02.281349100, fr (truncated)...]
2024-04-24 14:54:02 [http-nio-8581-exec-9] DEBUG o.s.web.servlet.DispatcherServlet - Completed 200 OK
2024-04-24 14:54:12 [http-nio-8581-exec-10] DEBUG o.s.web.servlet.DispatcherServlet - PUT "/card/transfer", parameters={}
2024-04-24 14:54:12 [http-nio-8581-exec-10] DEBUG o.s.w.s.m.m.a.RequestMappingHandlerMapping - Mapped to com.company.controller.CardController#transfer(TransferReqDto, HttpServletRequest)
2024-04-24 14:54:12 [http-nio-8581-exec-10] DEBUG o.s.w.s.m.m.a.RequestResponseBodyMethodProcessor - Read "application/json;charset=UTF-8" to [TransferReqDto(fromCard=8600730193930007, amount=7500.0, pinCode=1122, currencyId=1, toCard=86007301 (truncated)...]
2024-04-24 14:54:12 [http-nio-8581-exec-10] INFO  c.c.exps.advice.ControllerAdvice - Client host : 		 192.168.68.185
2024-04-24 14:54:12 [http-nio-8581-exec-10] INFO  c.c.exps.advice.ControllerAdvice - Client IP :  		 localhost
2024-04-24 14:54:12 [http-nio-8581-exec-10] INFO  com.company.entity.Card - Transfer  from card to card  		 TransferReqDto(fromCard=8600730193930007, amount=7500.0, pinCode=1122, currencyId=1, toCard=8600730181884881)
2024-04-24 14:54:12 [http-nio-8581-exec-10] DEBUG o.s.w.s.m.m.a.HttpEntityMethodProcessor - Using 'application/json', given [*/*] and supported [application/json, application/*+json]
2024-04-24 14:54:12 [http-nio-8581-exec-10] DEBUG o.s.w.s.m.m.a.HttpEntityMethodProcessor - Writing [TransferResDto(transferId=18, amount=7500.0, commission=75.0, date=2024-04-24T14:54:12.375876700, fr (truncated)...]
2024-04-24 14:54:12 [http-nio-8581-exec-10] DEBUG o.s.web.servlet.DispatcherServlet - Completed 200 OK
2024-04-24 14:54:16 [http-nio-8581-exec-1] DEBUG o.s.web.servlet.DispatcherServlet - PUT "/card/transfer", parameters={}
2024-04-24 14:54:16 [http-nio-8581-exec-1] DEBUG o.s.w.s.m.m.a.RequestMappingHandlerMapping - Mapped to com.company.controller.CardController#transfer(TransferReqDto, HttpServletRequest)
2024-04-24 14:54:16 [http-nio-8581-exec-1] DEBUG o.s.w.s.m.m.a.RequestResponseBodyMethodProcessor - Read "application/json;charset=UTF-8" to [TransferReqDto(fromCard=8600730193930007, amount=7500.0, pinCode=1122, currencyId=1, toCard=86007301 (truncated)...]
2024-04-24 14:54:16 [http-nio-8581-exec-1] INFO  c.c.exps.advice.ControllerAdvice - Client host : 		 192.168.68.185
2024-04-24 14:54:16 [http-nio-8581-exec-1] INFO  c.c.exps.advice.ControllerAdvice - Client IP :  		 localhost
2024-04-24 14:54:16 [http-nio-8581-exec-1] INFO  com.company.entity.Card - Transfer  from card to card  		 TransferReqDto(fromCard=8600730193930007, amount=7500.0, pinCode=1122, currencyId=1, toCard=8600730181884881)
2024-04-24 14:54:16 [http-nio-8581-exec-1] DEBUG o.s.w.s.m.m.a.HttpEntityMethodProcessor - Using 'application/json', given [*/*] and supported [application/json, application/*+json]
2024-04-24 14:54:16 [http-nio-8581-exec-1] DEBUG o.s.w.s.m.m.a.HttpEntityMethodProcessor - Writing [TransferResDto(transferId=19, amount=7500.0, commission=75.0, date=2024-04-24T14:54:16.333082300, fr (truncated)...]
2024-04-24 14:54:16 [http-nio-8581-exec-1] DEBUG o.s.web.servlet.DispatcherServlet - Completed 200 OK
2024-04-24 14:54:27 [http-nio-8581-exec-2] DEBUG o.s.web.servlet.DispatcherServlet - PUT "/card/transfer", parameters={}
2024-04-24 14:54:27 [http-nio-8581-exec-2] DEBUG o.s.w.s.m.m.a.RequestMappingHandlerMapping - Mapped to com.company.controller.CardController#transfer(TransferReqDto, HttpServletRequest)
2024-04-24 14:54:27 [http-nio-8581-exec-2] DEBUG o.s.w.s.m.m.a.RequestResponseBodyMethodProcessor - Read "application/json;charset=UTF-8" to [TransferReqDto(fromCard=8600730193930007, amount=75555.0, pinCode=1122, currencyId=1, toCard=8600730 (truncated)...]
2024-04-24 14:54:27 [http-nio-8581-exec-2] INFO  c.c.exps.advice.ControllerAdvice - Client host : 		 192.168.68.185
2024-04-24 14:54:27 [http-nio-8581-exec-2] INFO  c.c.exps.advice.ControllerAdvice - Client IP :  		 localhost
2024-04-24 14:54:27 [http-nio-8581-exec-2] INFO  com.company.entity.Card - Transfer  from card to card  		 TransferReqDto(fromCard=8600730193930007, amount=75555.0, pinCode=1122, currencyId=1, toCard=8600730181884881)
2024-04-24 14:54:27 [http-nio-8581-exec-2] DEBUG o.s.w.s.m.m.a.HttpEntityMethodProcessor - Using 'application/json', given [*/*] and supported [application/json, application/*+json]
2024-04-24 14:54:27 [http-nio-8581-exec-2] DEBUG o.s.w.s.m.m.a.HttpEntityMethodProcessor - Writing [TransferResDto(transferId=20, amount=75555.0, commission=755.55, date=2024-04-24T14:54:27.750132100, (truncated)...]
2024-04-24 14:54:27 [http-nio-8581-exec-2] DEBUG o.s.web.servlet.DispatcherServlet - Completed 200 OK
2024-04-24 15:03:25 [http-nio-8581-exec-5] DEBUG o.s.web.servlet.DispatcherServlet - POST "/banknote/createBankNote", parameters={}
2024-04-24 15:03:25 [http-nio-8581-exec-5] DEBUG o.s.w.s.m.m.a.RequestMappingHandlerMapping - Mapped to com.company.controller.BankNoteController#createBankNote(BankNoteReqDto, HttpServletRequest)
2024-04-24 15:03:25 [http-nio-8581-exec-5] DEBUG o.s.w.s.m.m.a.RequestResponseBodyMethodProcessor - Read "application/json;charset=UTF-8" to [BankNoteReqDto(name=ONE, amount=1, currencyId=2, count=100, typeId=1)]
2024-04-24 15:03:25 [http-nio-8581-exec-5] INFO  c.c.exps.advice.ControllerAdvice - Client host : 		 192.168.68.185
2024-04-24 15:03:25 [http-nio-8581-exec-5] INFO  c.c.exps.advice.ControllerAdvice - Client IP :  		 localhost
2024-04-24 15:03:25 [http-nio-8581-exec-5] INFO  com.company.entity.CardHolder - Create Banknote   		 BankNoteReqDto(name=ONE, amount=1, currencyId=2, count=100, typeId=1)
2024-04-24 15:03:25 [http-nio-8581-exec-5] DEBUG o.s.w.s.m.m.a.HttpEntityMethodProcessor - Using 'application/json', given [*/*] and supported [application/json, application/*+json]
2024-04-24 15:03:25 [http-nio-8581-exec-5] DEBUG o.s.w.s.m.m.a.HttpEntityMethodProcessor - Writing [BankNoteResDto(id=9, name=ONE, amount=1, currency=CurrencyResDto(id=2, name=Dollar), count=100, type (truncated)...]
2024-04-24 15:03:25 [http-nio-8581-exec-5] DEBUG o.s.web.servlet.DispatcherServlet - Completed 200 OK
2024-04-24 15:03:45 [http-nio-8581-exec-6] DEBUG o.s.web.servlet.DispatcherServlet - POST "/banknote/createBankNote", parameters={}
2024-04-24 15:03:45 [http-nio-8581-exec-6] DEBUG o.s.w.s.m.m.a.RequestMappingHandlerMapping - Mapped to com.company.controller.BankNoteController#createBankNote(BankNoteReqDto, HttpServletRequest)
2024-04-24 15:03:45 [http-nio-8581-exec-6] DEBUG o.s.w.s.m.m.a.RequestResponseBodyMethodProcessor - Read "application/json;charset=UTF-8" to [BankNoteReqDto(name=FIVE, amount=5, currencyId=2, count=100, typeId=1)]
2024-04-24 15:03:45 [http-nio-8581-exec-6] INFO  c.c.exps.advice.ControllerAdvice - Client host : 		 192.168.68.185
2024-04-24 15:03:45 [http-nio-8581-exec-6] INFO  c.c.exps.advice.ControllerAdvice - Client IP :  		 localhost
2024-04-24 15:03:45 [http-nio-8581-exec-6] INFO  com.company.entity.CardHolder - Create Banknote   		 BankNoteReqDto(name=FIVE, amount=5, currencyId=2, count=100, typeId=1)
2024-04-24 15:03:45 [http-nio-8581-exec-6] DEBUG o.s.w.s.m.m.a.HttpEntityMethodProcessor - Using 'application/json', given [*/*] and supported [application/json, application/*+json]
2024-04-24 15:03:45 [http-nio-8581-exec-6] DEBUG o.s.w.s.m.m.a.HttpEntityMethodProcessor - Writing [BankNoteResDto(id=10, name=FIVE, amount=5, currency=CurrencyResDto(id=2, name=Dollar), count=100, ty (truncated)...]
2024-04-24 15:03:45 [http-nio-8581-exec-6] DEBUG o.s.web.servlet.DispatcherServlet - Completed 200 OK
2024-04-24 15:04:02 [http-nio-8581-exec-7] DEBUG o.s.web.servlet.DispatcherServlet - POST "/banknote/createBankNote", parameters={}
2024-04-24 15:04:02 [http-nio-8581-exec-7] DEBUG o.s.w.s.m.m.a.RequestMappingHandlerMapping - Mapped to com.company.controller.BankNoteController#createBankNote(BankNoteReqDto, HttpServletRequest)
2024-04-24 15:04:02 [http-nio-8581-exec-7] DEBUG o.s.w.s.m.m.a.RequestResponseBodyMethodProcessor - Read "application/json;charset=UTF-8" to [BankNoteReqDto(name=TEN, amount=10, currencyId=2, count=100, typeId=1)]
2024-04-24 15:04:02 [http-nio-8581-exec-7] INFO  c.c.exps.advice.ControllerAdvice - Client host : 		 192.168.68.185
2024-04-24 15:04:02 [http-nio-8581-exec-7] INFO  c.c.exps.advice.ControllerAdvice - Client IP :  		 localhost
2024-04-24 15:04:02 [http-nio-8581-exec-7] INFO  com.company.entity.CardHolder - Create Banknote   		 BankNoteReqDto(name=TEN, amount=10, currencyId=2, count=100, typeId=1)
2024-04-24 15:04:02 [http-nio-8581-exec-7] DEBUG o.s.w.s.m.m.a.HttpEntityMethodProcessor - Using 'application/json', given [*/*] and supported [application/json, application/*+json]
2024-04-24 15:04:02 [http-nio-8581-exec-7] DEBUG o.s.w.s.m.m.a.HttpEntityMethodProcessor - Writing [BankNoteResDto(id=11, name=TEN, amount=10, currency=CurrencyResDto(id=2, name=Dollar), count=100, ty (truncated)...]
2024-04-24 15:04:02 [http-nio-8581-exec-7] DEBUG o.s.web.servlet.DispatcherServlet - Completed 200 OK
2024-04-24 15:04:19 [http-nio-8581-exec-8] DEBUG o.s.web.servlet.DispatcherServlet - POST "/banknote/createBankNote", parameters={}
2024-04-24 15:04:19 [http-nio-8581-exec-8] DEBUG o.s.w.s.m.m.a.RequestMappingHandlerMapping - Mapped to com.company.controller.BankNoteController#createBankNote(BankNoteReqDto, HttpServletRequest)
2024-04-24 15:04:19 [http-nio-8581-exec-8] DEBUG o.s.w.s.m.m.a.RequestResponseBodyMethodProcessor - Read "application/json;charset=UTF-8" to [BankNoteReqDto(name=TWENTY, amount=20, currencyId=2, count=100, typeId=1)]
2024-04-24 15:04:19 [http-nio-8581-exec-8] INFO  c.c.exps.advice.ControllerAdvice - Client host : 		 192.168.68.185
2024-04-24 15:04:19 [http-nio-8581-exec-8] INFO  c.c.exps.advice.ControllerAdvice - Client IP :  		 localhost
2024-04-24 15:04:19 [http-nio-8581-exec-8] INFO  com.company.entity.CardHolder - Create Banknote   		 BankNoteReqDto(name=TWENTY, amount=20, currencyId=2, count=100, typeId=1)
2024-04-24 15:04:19 [http-nio-8581-exec-8] DEBUG o.s.w.s.m.m.a.HttpEntityMethodProcessor - Using 'application/json', given [*/*] and supported [application/json, application/*+json]
2024-04-24 15:04:19 [http-nio-8581-exec-8] DEBUG o.s.w.s.m.m.a.HttpEntityMethodProcessor - Writing [BankNoteResDto(id=12, name=TWENTY, amount=20, currency=CurrencyResDto(id=2, name=Dollar), count=100, (truncated)...]
2024-04-24 15:04:19 [http-nio-8581-exec-8] DEBUG o.s.web.servlet.DispatcherServlet - Completed 200 OK
2024-04-24 15:04:28 [http-nio-8581-exec-9] DEBUG o.s.web.servlet.DispatcherServlet - POST "/banknote/createBankNote", parameters={}
2024-04-24 15:04:28 [http-nio-8581-exec-9] DEBUG o.s.w.s.m.m.a.RequestMappingHandlerMapping - Mapped to com.company.controller.BankNoteController#createBankNote(BankNoteReqDto, HttpServletRequest)
2024-04-24 15:04:28 [http-nio-8581-exec-9] DEBUG o.s.w.s.m.m.a.RequestResponseBodyMethodProcessor - Read "application/json;charset=UTF-8" to [BankNoteReqDto(name=FIFTY, amount=50, currencyId=2, count=100, typeId=1)]
2024-04-24 15:04:28 [http-nio-8581-exec-9] INFO  c.c.exps.advice.ControllerAdvice - Client host : 		 192.168.68.185
2024-04-24 15:04:28 [http-nio-8581-exec-9] INFO  c.c.exps.advice.ControllerAdvice - Client IP :  		 localhost
2024-04-24 15:04:28 [http-nio-8581-exec-9] INFO  com.company.entity.CardHolder - Create Banknote   		 BankNoteReqDto(name=FIFTY, amount=50, currencyId=2, count=100, typeId=1)
2024-04-24 15:04:28 [http-nio-8581-exec-9] DEBUG o.s.w.s.m.m.a.HttpEntityMethodProcessor - Using 'application/json', given [*/*] and supported [application/json, application/*+json]
2024-04-24 15:04:28 [http-nio-8581-exec-9] DEBUG o.s.w.s.m.m.a.HttpEntityMethodProcessor - Writing [BankNoteResDto(id=13, name=FIFTY, amount=50, currency=CurrencyResDto(id=2, name=Dollar), count=100,  (truncated)...]
2024-04-24 15:04:28 [http-nio-8581-exec-9] DEBUG o.s.web.servlet.DispatcherServlet - Completed 200 OK
2024-04-24 15:04:41 [http-nio-8581-exec-10] DEBUG o.s.web.servlet.DispatcherServlet - POST "/banknote/createBankNote", parameters={}
2024-04-24 15:04:41 [http-nio-8581-exec-10] DEBUG o.s.w.s.m.m.a.RequestMappingHandlerMapping - Mapped to com.company.controller.BankNoteController#createBankNote(BankNoteReqDto, HttpServletRequest)
2024-04-24 15:04:41 [http-nio-8581-exec-10] DEBUG o.s.w.s.m.m.a.RequestResponseBodyMethodProcessor - Read "application/json;charset=UTF-8" to [BankNoteReqDto(name=HUNDRED, amount=100, currencyId=2, count=100, typeId=1)]
2024-04-24 15:04:41 [http-nio-8581-exec-10] INFO  c.c.exps.advice.ControllerAdvice - Client host : 		 192.168.68.185
2024-04-24 15:04:41 [http-nio-8581-exec-10] INFO  c.c.exps.advice.ControllerAdvice - Client IP :  		 localhost
2024-04-24 15:04:41 [http-nio-8581-exec-10] INFO  com.company.entity.CardHolder - Create Banknote   		 BankNoteReqDto(name=HUNDRED, amount=100, currencyId=2, count=100, typeId=1)
2024-04-24 15:04:41 [http-nio-8581-exec-10] DEBUG o.s.w.s.m.m.a.HttpEntityMethodProcessor - Using 'application/json', given [*/*] and supported [application/json, application/*+json]
2024-04-24 15:04:41 [http-nio-8581-exec-10] DEBUG o.s.w.s.m.m.a.HttpEntityMethodProcessor - Writing [BankNoteResDto(id=14, name=HUNDRED, amount=100, currency=CurrencyResDto(id=2, name=Dollar), count=10 (truncated)...]
2024-04-24 15:04:41 [http-nio-8581-exec-10] DEBUG o.s.web.servlet.DispatcherServlet - Completed 200 OK
2024-04-24 15:07:44 [http-nio-8581-exec-3] DEBUG o.s.web.servlet.DispatcherServlet - POST "/card/createCard", parameters={}
2024-04-24 15:07:44 [http-nio-8581-exec-3] DEBUG o.s.w.s.m.m.a.RequestMappingHandlerMapping - Mapped to com.company.controller.CardController#createCard(CardReqDto, HttpServletRequest)
2024-04-24 15:07:44 [http-nio-8581-exec-3] DEBUG o.s.w.s.m.m.a.RequestResponseBodyMethodProcessor - Read "application/json;charset=UTF-8" to [CardReqDto(cardholderId=1, cardTypeId=4, pinCode=1120, cardNumber=null)]
2024-04-24 15:07:44 [http-nio-8581-exec-3] INFO  c.c.exps.advice.ControllerAdvice - Client host : 		 192.168.68.185
2024-04-24 15:07:44 [http-nio-8581-exec-3] INFO  c.c.exps.advice.ControllerAdvice - Client IP :  		 localhost
2024-04-24 15:07:44 [http-nio-8581-exec-3] INFO  com.company.entity.Card - Create Card   		 CardReqDto(cardholderId=1, cardTypeId=4, pinCode=1120, cardNumber=null)
2024-04-24 15:07:44 [http-nio-8581-exec-3] DEBUG o.s.w.s.m.m.a.HttpEntityMethodProcessor - Using 'application/json', given [*/*] and supported [application/json, application/*+json]
2024-04-24 15:07:44 [http-nio-8581-exec-3] DEBUG o.s.w.s.m.m.a.HttpEntityMethodProcessor - Writing [CardResDto(id=6, cardHolder=CardHolderResDto(id=1, firstName=Hudoberdi, lastName=Qodirov, middleName (truncated)...]
2024-04-24 15:07:44 [http-nio-8581-exec-3] DEBUG o.s.web.servlet.DispatcherServlet - Completed 200 OK
2024-04-24 15:08:40 [http-nio-8581-exec-4] DEBUG o.s.web.servlet.DispatcherServlet - PUT "/card/fill", parameters={}
2024-04-24 15:08:40 [http-nio-8581-exec-4] DEBUG o.s.w.s.m.m.a.RequestMappingHandlerMapping - Mapped to com.company.controller.CardController#fillCard(FillCardReqDto, HttpServletRequest)
2024-04-24 15:08:40 [http-nio-8581-exec-4] DEBUG o.s.w.s.m.m.a.RequestResponseBodyMethodProcessor - Read "application/json;charset=UTF-8" to [FillCardReqDto(cardNumber=5545841289803710, amount=600.0, pinCode=1120, currencyId=2)]
2024-04-24 15:08:40 [http-nio-8581-exec-4] INFO  c.c.exps.advice.ControllerAdvice - Client host : 		 192.168.68.185
2024-04-24 15:08:40 [http-nio-8581-exec-4] INFO  c.c.exps.advice.ControllerAdvice - Client IP :  		 localhost
2024-04-24 15:08:40 [http-nio-8581-exec-4] INFO  com.company.entity.Card - fill card from ATM  		 FillCardReqDto(cardNumber=5545841289803710, amount=600.0, pinCode=1120, currencyId=2)
2024-04-24 15:08:40 [http-nio-8581-exec-4] DEBUG o.s.w.s.m.m.a.HttpEntityMethodProcessor - Using 'application/json', given [*/*] and supported [application/json, application/*+json]
2024-04-24 15:08:40 [http-nio-8581-exec-4] DEBUG o.s.w.s.m.m.a.HttpEntityMethodProcessor - Writing [HistoryWithAtmResDto(id=21, date=2024-04-24T15:08:40.156301300, amount=600.0, commission=6.0, sender (truncated)...]
2024-04-24 15:08:40 [http-nio-8581-exec-4] DEBUG o.s.web.servlet.DispatcherServlet - Completed 200 OK
2024-04-24 15:35:52 [http-nio-8581-exec-7] DEBUG o.s.web.servlet.DispatcherServlet - POST "/cashing/cashing", parameters={}
2024-04-24 15:35:52 [http-nio-8581-exec-7] DEBUG o.s.w.s.m.m.a.RequestMappingHandlerMapping - Mapped to com.company.controller.CashingController#cashingFromAtm(CashingReqDto, HttpServletRequest)
2024-04-24 15:35:52 [http-nio-8581-exec-7] DEBUG o.s.w.s.m.m.a.RequestResponseBodyMethodProcessor - Read "application/json;charset=UTF-8" to [CashingReqDto(cardNumber=5545841289803710, pinCode=1120, amount=100.0, typeId=2)]
2024-04-24 15:35:52 [http-nio-8581-exec-7] INFO  c.c.exps.advice.ControllerAdvice - Client host : 		 192.168.68.185
2024-04-24 15:35:52 [http-nio-8581-exec-7] INFO  c.c.exps.advice.ControllerAdvice - Client IP :  		 localhost
2024-04-24 15:35:52 [http-nio-8581-exec-7] INFO  com.company.entity.Card - Cashing from Atm 		 CashingResDto(card=CardResDto(id=6, cardHolder=CardHolderResDto(id=1, firstName=Hudoberdi, lastName=Qodirov, middleName=Shokirjon o'gli, seriesNum=AB8565637, pinfl=52000112101559, isActive=true, birthDay=2001-12-20), expiredDate=2028-04-24, balance=494.0, isActive=true, cardNumber=5545841289803710, cardType=CardTypeResDto(id=4, name=UnionPay, beginCardNumber=55458412, isActive=true, expiredYears=4, currency=CurrencyResDto(id=2, name=Dollar)), pinCode=1120, count=3), amount=100.0, commission=1.0)
2024-04-24 15:35:52 [http-nio-8581-exec-7] DEBUG o.s.w.s.m.m.a.HttpEntityMethodProcessor - Using 'application/json', given [*/*] and supported [application/json, application/*+json]
2024-04-24 15:35:52 [http-nio-8581-exec-7] DEBUG o.s.w.s.m.m.a.HttpEntityMethodProcessor - Writing [CashingResDto(card=CardResDto(id=6, cardHolder=CardHolderResDto(id=1, firstName=Hudoberdi, lastName= (truncated)...]
2024-04-24 15:35:52 [http-nio-8581-exec-7] DEBUG o.s.web.servlet.DispatcherServlet - Completed 200 OK
2024-04-24 15:55:51 [SpringApplicationShutdownHook] INFO  o.s.o.j.LocalContainerEntityManagerFactoryBean - Closing JPA EntityManagerFactory for persistence unit 'default'
2024-04-24 15:55:51 [SpringApplicationShutdownHook] INFO  com.zaxxer.hikari.HikariDataSource - HikariPool-1 - Shutdown initiated...
2024-04-24 15:55:51 [SpringApplicationShutdownHook] INFO  com.zaxxer.hikari.HikariDataSource - HikariPool-1 - Shutdown completed.
2024-04-24 15:56:10 [main] INFO  c.company.AtmCardHolderApplication - Starting AtmCardHolderApplication using Java 17.0.9 with PID 2804 (C:\Users\hudoberdi23\Documents\AtmCardHolder\target\classes started by hudoberdi23 in C:\Users\hudoberdi23\Documents\AtmCardHolder)
2024-04-24 15:56:10 [main] INFO  c.company.AtmCardHolderApplication - The following 1 profile is active: "dev"
2024-04-24 15:56:12 [main] INFO  o.s.d.r.c.RepositoryConfigurationDelegate - Bootstrapping Spring Data JPA repositories in DEFAULT mode.
2024-04-24 15:56:12 [main] INFO  o.s.d.r.c.RepositoryConfigurationDelegate - Finished Spring Data repository scanning in 189 ms. Found 7 JPA repository interfaces.
2024-04-24 15:56:13 [main] INFO  o.s.b.w.e.tomcat.TomcatWebServer - Tomcat initialized with port 8581 (http)
2024-04-24 15:56:13 [main] INFO  o.a.catalina.core.StandardService - Starting service [Tomcat]
2024-04-24 15:56:13 [main] INFO  o.a.catalina.core.StandardEngine - Starting Servlet engine: [Apache Tomcat/10.1.19]
2024-04-24 15:56:13 [main] INFO  o.a.c.c.C.[Tomcat].[localhost].[/] - Initializing Spring embedded WebApplicationContext
2024-04-24 15:56:13 [main] INFO  o.s.b.w.s.c.ServletWebServerApplicationContext - Root WebApplicationContext: initialization completed in 3232 ms
2024-04-24 15:56:14 [main] INFO  o.h.jpa.internal.util.LogHelper - HHH000204: Processing PersistenceUnitInfo [name: default]
2024-04-24 15:56:14 [main] INFO  org.hibernate.Version - HHH000412: Hibernate ORM core version 6.4.4.Final
2024-04-24 15:56:14 [main] INFO  o.h.c.i.RegionFactoryInitiator - HHH000026: Second-level cache disabled
2024-04-24 15:56:14 [main] INFO  o.s.o.j.p.SpringPersistenceUnitInfo - No LoadTimeWeaver setup: ignoring JPA class transformer
2024-04-24 15:56:14 [main] INFO  com.zaxxer.hikari.HikariDataSource - HikariPool-1 - Starting...
2024-04-24 15:56:15 [main] INFO  com.zaxxer.hikari.pool.HikariPool - HikariPool-1 - Added connection org.postgresql.jdbc.PgConnection@710afd47
2024-04-24 15:56:15 [main] INFO  com.zaxxer.hikari.HikariDataSource - HikariPool-1 - Start completed.
2024-04-24 15:56:17 [main] INFO  o.h.e.t.j.p.i.JtaPlatformInitiator - HHH000489: No JTA platform available (set 'hibernate.transaction.jta.platform' to enable JTA platform integration)
2024-04-24 15:56:18 [main] INFO  o.s.o.j.LocalContainerEntityManagerFactoryBean - Initialized JPA EntityManagerFactory for persistence unit 'default'
2024-04-24 15:56:18 [main] WARN  o.s.b.a.o.j.JpaBaseConfiguration$JpaWebConfiguration - spring.jpa.open-in-view is enabled by default. Therefore, database queries may be performed during view rendering. Explicitly configure spring.jpa.open-in-view to disable this warning
2024-04-24 15:56:19 [main] DEBUG o.s.w.s.m.m.a.RequestMappingHandlerMapping - 21 mappings in 'requestMappingHandlerMapping'
2024-04-24 15:56:19 [main] DEBUG o.s.w.s.h.SimpleUrlHandlerMapping - Patterns [/webjars/**, /**] in 'resourceHandlerMapping'
2024-04-24 15:56:19 [main] DEBUG o.s.w.s.m.m.a.RequestMappingHandlerAdapter - ControllerAdvice beans: 0 @ModelAttribute, 0 @InitBinder, 1 RequestBodyAdvice, 1 ResponseBodyAdvice
2024-04-24 15:56:19 [main] DEBUG o.s.w.s.m.m.a.ExceptionHandlerExceptionResolver - ControllerAdvice beans: 1 @ExceptionHandler, 1 ResponseBodyAdvice
2024-04-24 15:56:19 [main] INFO  o.s.b.w.e.tomcat.TomcatWebServer - Tomcat started on port 8581 (http) with context path ''
2024-04-24 15:56:19 [main] INFO  c.company.AtmCardHolderApplication - Started AtmCardHolderApplication in 10.315 seconds (process running for 12.857)
2024-04-24 15:56:19 [main] INFO  c.company.utils.StartInitialization - --------- Successfully run Card Service  :>> 2024-04-24 15:56:19 <<------------->>
2024-04-24 15:57:09 [SpringApplicationShutdownHook] INFO  o.s.o.j.LocalContainerEntityManagerFactoryBean - Closing JPA EntityManagerFactory for persistence unit 'default'
2024-04-24 15:57:09 [SpringApplicationShutdownHook] INFO  com.zaxxer.hikari.HikariDataSource - HikariPool-1 - Shutdown initiated...
2024-04-24 15:57:09 [SpringApplicationShutdownHook] INFO  com.zaxxer.hikari.HikariDataSource - HikariPool-1 - Shutdown completed.
2024-04-24 15:57:23 [main] INFO  c.company.AtmCardHolderApplication - Starting AtmCardHolderApplication using Java 17.0.9 with PID 4680 (C:\Users\hudoberdi23\Documents\AtmCardHolder\target\classes started by hudoberdi23 in C:\Users\hudoberdi23\Documents\AtmCardHolder)
2024-04-24 15:57:23 [main] INFO  c.company.AtmCardHolderApplication - The following 1 profile is active: "dev"
2024-04-24 15:57:25 [main] INFO  o.s.d.r.c.RepositoryConfigurationDelegate - Bootstrapping Spring Data JPA repositories in DEFAULT mode.
2024-04-24 15:57:25 [main] INFO  o.s.d.r.c.RepositoryConfigurationDelegate - Finished Spring Data repository scanning in 210 ms. Found 7 JPA repository interfaces.
2024-04-24 15:57:26 [main] INFO  o.s.b.w.e.tomcat.TomcatWebServer - Tomcat initialized with port 8581 (http)
2024-04-24 15:57:26 [main] INFO  o.a.catalina.core.StandardService - Starting service [Tomcat]
2024-04-24 15:57:26 [main] INFO  o.a.catalina.core.StandardEngine - Starting Servlet engine: [Apache Tomcat/10.1.19]
2024-04-24 15:57:27 [main] INFO  o.a.c.c.C.[Tomcat].[localhost].[/] - Initializing Spring embedded WebApplicationContext
2024-04-24 15:57:27 [main] INFO  o.s.b.w.s.c.ServletWebServerApplicationContext - Root WebApplicationContext: initialization completed in 3146 ms
2024-04-24 15:57:27 [main] INFO  o.h.jpa.internal.util.LogHelper - HHH000204: Processing PersistenceUnitInfo [name: default]
2024-04-24 15:57:27 [main] INFO  org.hibernate.Version - HHH000412: Hibernate ORM core version 6.4.4.Final
2024-04-24 15:57:27 [main] INFO  o.h.c.i.RegionFactoryInitiator - HHH000026: Second-level cache disabled
2024-04-24 15:57:28 [main] INFO  o.s.o.j.p.SpringPersistenceUnitInfo - No LoadTimeWeaver setup: ignoring JPA class transformer
2024-04-24 15:57:28 [main] INFO  com.zaxxer.hikari.HikariDataSource - HikariPool-1 - Starting...
2024-04-24 15:57:28 [main] INFO  com.zaxxer.hikari.pool.HikariPool - HikariPool-1 - Added connection org.postgresql.jdbc.PgConnection@702f4124
2024-04-24 15:57:28 [main] INFO  com.zaxxer.hikari.HikariDataSource - HikariPool-1 - Start completed.
2024-04-24 15:57:31 [main] INFO  o.h.e.t.j.p.i.JtaPlatformInitiator - HHH000489: No JTA platform available (set 'hibernate.transaction.jta.platform' to enable JTA platform integration)
2024-04-24 15:57:31 [main] INFO  o.s.o.j.LocalContainerEntityManagerFactoryBean - Initialized JPA EntityManagerFactory for persistence unit 'default'
2024-04-24 15:57:32 [main] WARN  o.s.b.a.o.j.JpaBaseConfiguration$JpaWebConfiguration - spring.jpa.open-in-view is enabled by default. Therefore, database queries may be performed during view rendering. Explicitly configure spring.jpa.open-in-view to disable this warning
2024-04-24 15:57:32 [main] DEBUG o.s.w.s.m.m.a.RequestMappingHandlerMapping - 22 mappings in 'requestMappingHandlerMapping'
2024-04-24 15:57:33 [main] DEBUG o.s.w.s.h.SimpleUrlHandlerMapping - Patterns [/webjars/**, /**] in 'resourceHandlerMapping'
2024-04-24 15:57:33 [main] DEBUG o.s.w.s.m.m.a.RequestMappingHandlerAdapter - ControllerAdvice beans: 0 @ModelAttribute, 0 @InitBinder, 1 RequestBodyAdvice, 1 ResponseBodyAdvice
2024-04-24 15:57:33 [main] DEBUG o.s.w.s.m.m.a.ExceptionHandlerExceptionResolver - ControllerAdvice beans: 1 @ExceptionHandler, 1 ResponseBodyAdvice
2024-04-24 15:57:33 [main] INFO  o.s.b.w.e.tomcat.TomcatWebServer - Tomcat started on port 8581 (http) with context path ''
2024-04-24 15:57:33 [main] INFO  c.company.AtmCardHolderApplication - Started AtmCardHolderApplication in 10.711 seconds (process running for 13.145)
2024-04-24 15:57:33 [main] INFO  c.company.utils.StartInitialization - --------- Successfully run Card Service  :>> 2024-04-24 15:57:33 <<------------->>
2024-04-24 16:00:21 [http-nio-8581-exec-2] INFO  o.a.c.c.C.[Tomcat].[localhost].[/] - Initializing Spring DispatcherServlet 'dispatcherServlet'
2024-04-24 16:00:21 [http-nio-8581-exec-2] INFO  o.s.web.servlet.DispatcherServlet - Initializing Servlet 'dispatcherServlet'
2024-04-24 16:00:21 [http-nio-8581-exec-2] DEBUG o.s.web.servlet.DispatcherServlet - Detected StandardServletMultipartResolver
2024-04-24 16:00:21 [http-nio-8581-exec-2] DEBUG o.s.web.servlet.DispatcherServlet - Detected AcceptHeaderLocaleResolver
2024-04-24 16:00:21 [http-nio-8581-exec-2] DEBUG o.s.web.servlet.DispatcherServlet - Detected FixedThemeResolver
2024-04-24 16:00:21 [http-nio-8581-exec-2] DEBUG o.s.web.servlet.DispatcherServlet - Detected org.springframework.web.servlet.view.DefaultRequestToViewNameTranslator@153c69bc
2024-04-24 16:00:21 [http-nio-8581-exec-2] DEBUG o.s.web.servlet.DispatcherServlet - Detected org.springframework.web.servlet.support.SessionFlashMapManager@15251cc2
2024-04-24 16:00:21 [http-nio-8581-exec-2] DEBUG o.s.web.servlet.DispatcherServlet - enableLoggingRequestDetails='false': request parameters and headers will be masked to prevent unsafe logging of potentially sensitive data
2024-04-24 16:00:21 [http-nio-8581-exec-2] INFO  o.s.web.servlet.DispatcherServlet - Completed initialization in 4 ms
2024-04-24 16:00:21 [http-nio-8581-exec-2] DEBUG o.s.web.servlet.DispatcherServlet - GET "/history/historyWithDate", parameters={}
2024-04-24 16:00:21 [http-nio-8581-exec-2] DEBUG o.s.w.s.m.m.a.RequestMappingHandlerMapping - Mapped to com.company.controller.HistoryController#historyCardWithDate(HistoryReqDto, HttpServletRequest)
2024-04-24 16:00:21 [http-nio-8581-exec-2] DEBUG o.s.w.s.m.m.a.RequestResponseBodyMethodProcessor - Read "application/json;charset=UTF-8" to [HistoryReqDto(cardNumber=8600730193930007, pinCode=1122, startDate=2024.04.24, endDate=2024.04.24)]
2024-04-24 16:00:21 [http-nio-8581-exec-2] DEBUG o.s.web.servlet.DispatcherServlet - Failed to complete request: java.time.format.DateTimeParseException: Text '2024.04.24' could not be parsed at index 4
2024-04-24 16:00:21 [http-nio-8581-exec-2] ERROR o.a.c.c.C.[.[.[.[dispatcherServlet] - Servlet.service() for servlet [dispatcherServlet] in context with path [] threw exception [Request processing failed: java.time.format.DateTimeParseException: Text '2024.04.24' could not be parsed at index 4] with root cause
java.time.format.DateTimeParseException: Text '2024.04.24' could not be parsed at index 4
	at java.base/java.time.format.DateTimeFormatter.parseResolved0(DateTimeFormatter.java:2052)
	at java.base/java.time.format.DateTimeFormatter.parse(DateTimeFormatter.java:1954)
	at java.base/java.time.LocalDateTime.parse(LocalDateTime.java:494)
	at java.base/java.time.LocalDateTime.parse(LocalDateTime.java:479)
	at com.company.service.impl.HistoryServiceImpl.getAllHistoryWithDate(HistoryServiceImpl.java:145)
	at com.company.controller.HistoryController.historyCardWithDate(HistoryController.java:32)
	at java.base/jdk.internal.reflect.NativeMethodAccessorImpl.invoke0(Native Method)
	at java.base/jdk.internal.reflect.NativeMethodAccessorImpl.invoke(NativeMethodAccessorImpl.java:77)
	at java.base/jdk.internal.reflect.DelegatingMethodAccessorImpl.invoke(DelegatingMethodAccessorImpl.java:43)
	at java.base/java.lang.reflect.Method.invoke(Method.java:568)
	at org.springframework.web.method.support.InvocableHandlerMethod.doInvoke(InvocableHandlerMethod.java:255)
	at org.springframework.web.method.support.InvocableHandlerMethod.invokeForRequest(InvocableHandlerMethod.java:188)
	at org.springframework.web.servlet.mvc.method.annotation.ServletInvocableHandlerMethod.invokeAndHandle(ServletInvocableHandlerMethod.java:118)
	at org.springframework.web.servlet.mvc.method.annotation.RequestMappingHandlerAdapter.invokeHandlerMethod(RequestMappingHandlerAdapter.java:925)
	at org.springframework.web.servlet.mvc.method.annotation.RequestMappingHandlerAdapter.handleInternal(RequestMappingHandlerAdapter.java:830)
	at org.springframework.web.servlet.mvc.method.AbstractHandlerMethodAdapter.handle(AbstractHandlerMethodAdapter.java:87)
	at org.springframework.web.servlet.DispatcherServlet.doDispatch(DispatcherServlet.java:1089)
	at org.springframework.web.servlet.DispatcherServlet.doService(DispatcherServlet.java:979)
	at org.springframework.web.servlet.FrameworkServlet.processRequest(FrameworkServlet.java:1014)
	at org.springframework.web.servlet.FrameworkServlet.doGet(FrameworkServlet.java:903)
	at jakarta.servlet.http.HttpServlet.service(HttpServlet.java:564)
	at org.springframework.web.servlet.FrameworkServlet.service(FrameworkServlet.java:885)
	at jakarta.servlet.http.HttpServlet.service(HttpServlet.java:658)
	at org.apache.catalina.core.ApplicationFilterChain.internalDoFilter(ApplicationFilterChain.java:205)
	at org.apache.catalina.core.ApplicationFilterChain.doFilter(ApplicationFilterChain.java:149)
	at org.apache.tomcat.websocket.server.WsFilter.doFilter(WsFilter.java:51)
	at org.apache.catalina.core.ApplicationFilterChain.internalDoFilter(ApplicationFilterChain.java:174)
	at org.apache.catalina.core.ApplicationFilterChain.doFilter(ApplicationFilterChain.java:149)
	at org.springframework.web.filter.RequestContextFilter.doFilterInternal(RequestContextFilter.java:100)
	at org.springframework.web.filter.OncePerRequestFilter.doFilter(OncePerRequestFilter.java:116)
	at org.apache.catalina.core.ApplicationFilterChain.internalDoFilter(ApplicationFilterChain.java:174)
	at org.apache.catalina.core.ApplicationFilterChain.doFilter(ApplicationFilterChain.java:149)
	at org.springframework.web.filter.FormContentFilter.doFilterInternal(FormContentFilter.java:93)
	at org.springframework.web.filter.OncePerRequestFilter.doFilter(OncePerRequestFilter.java:116)
	at org.apache.catalina.core.ApplicationFilterChain.internalDoFilter(ApplicationFilterChain.java:174)
	at org.apache.catalina.core.ApplicationFilterChain.doFilter(ApplicationFilterChain.java:149)
	at org.springframework.web.filter.CharacterEncodingFilter.doFilterInternal(CharacterEncodingFilter.java:201)
	at org.springframework.web.filter.OncePerRequestFilter.doFilter(OncePerRequestFilter.java:116)
	at org.apache.catalina.core.ApplicationFilterChain.internalDoFilter(ApplicationFilterChain.java:174)
	at org.apache.catalina.core.ApplicationFilterChain.doFilter(ApplicationFilterChain.java:149)
	at org.apache.catalina.core.StandardWrapperValve.invoke(StandardWrapperValve.java:167)
	at org.apache.catalina.core.StandardContextValve.invoke(StandardContextValve.java:90)
	at org.apache.catalina.authenticator.AuthenticatorBase.invoke(AuthenticatorBase.java:482)
	at org.apache.catalina.core.StandardHostValve.invoke(StandardHostValve.java:115)
	at org.apache.catalina.valves.ErrorReportValve.invoke(ErrorReportValve.java:93)
	at org.apache.catalina.core.StandardEngineValve.invoke(StandardEngineValve.java:74)
	at org.apache.catalina.connector.CoyoteAdapter.service(CoyoteAdapter.java:344)
	at org.apache.coyote.http11.Http11Processor.service(Http11Processor.java:391)
	at org.apache.coyote.AbstractProcessorLight.process(AbstractProcessorLight.java:63)
	at org.apache.coyote.AbstractProtocol$ConnectionHandler.process(AbstractProtocol.java:896)
	at org.apache.tomcat.util.net.NioEndpoint$SocketProcessor.doRun(NioEndpoint.java:1744)
	at org.apache.tomcat.util.net.SocketProcessorBase.run(SocketProcessorBase.java:52)
	at org.apache.tomcat.util.threads.ThreadPoolExecutor.runWorker(ThreadPoolExecutor.java:1191)
	at org.apache.tomcat.util.threads.ThreadPoolExecutor$Worker.run(ThreadPoolExecutor.java:659)
	at org.apache.tomcat.util.threads.TaskThread$WrappingRunnable.run(TaskThread.java:63)
	at java.base/java.lang.Thread.run(Thread.java:840)
2024-04-24 16:00:21 [http-nio-8581-exec-2] DEBUG o.s.web.servlet.DispatcherServlet - "ERROR" dispatch for GET "/error", parameters={}
2024-04-24 16:00:21 [http-nio-8581-exec-2] DEBUG o.s.w.s.m.m.a.RequestMappingHandlerMapping - Mapped to org.springframework.boot.autoconfigure.web.servlet.error.BasicErrorController#error(HttpServletRequest)
2024-04-24 16:00:21 [http-nio-8581-exec-2] DEBUG o.s.w.s.m.m.a.HttpEntityMethodProcessor - Using 'application/json', given [*/*] and supported [application/json, application/*+json]
2024-04-24 16:00:21 [http-nio-8581-exec-2] DEBUG o.s.w.s.m.m.a.HttpEntityMethodProcessor - Writing [{timestamp=Wed Apr 24 16:00:21 UZT 2024, status=500, error=Internal Server Error, path=/history/hist (truncated)...]
2024-04-24 16:00:22 [http-nio-8581-exec-2] DEBUG o.s.web.servlet.DispatcherServlet - Exiting from "ERROR" dispatch, status 500
2024-04-24 16:05:31 [SpringApplicationShutdownHook] INFO  o.s.o.j.LocalContainerEntityManagerFactoryBean - Closing JPA EntityManagerFactory for persistence unit 'default'
2024-04-24 16:05:31 [SpringApplicationShutdownHook] INFO  com.zaxxer.hikari.HikariDataSource - HikariPool-1 - Shutdown initiated...
2024-04-24 16:05:31 [SpringApplicationShutdownHook] INFO  com.zaxxer.hikari.HikariDataSource - HikariPool-1 - Shutdown completed.
2024-04-24 16:05:48 [main] INFO  c.company.AtmCardHolderApplication - Starting AtmCardHolderApplication using Java 17.0.9 with PID 11092 (C:\Users\hudoberdi23\Documents\AtmCardHolder\target\classes started by hudoberdi23 in C:\Users\hudoberdi23\Documents\AtmCardHolder)
2024-04-24 16:05:48 [main] INFO  c.company.AtmCardHolderApplication - The following 1 profile is active: "dev"
2024-04-24 16:05:50 [main] INFO  o.s.d.r.c.RepositoryConfigurationDelegate - Bootstrapping Spring Data JPA repositories in DEFAULT mode.
2024-04-24 16:05:50 [main] INFO  o.s.d.r.c.RepositoryConfigurationDelegate - Finished Spring Data repository scanning in 216 ms. Found 7 JPA repository interfaces.
2024-04-24 16:05:52 [main] INFO  o.s.b.w.e.tomcat.TomcatWebServer - Tomcat initialized with port 8581 (http)
2024-04-24 16:05:52 [main] INFO  o.a.catalina.core.StandardService - Starting service [Tomcat]
2024-04-24 16:05:52 [main] INFO  o.a.catalina.core.StandardEngine - Starting Servlet engine: [Apache Tomcat/10.1.19]
2024-04-24 16:05:52 [main] INFO  o.a.c.c.C.[Tomcat].[localhost].[/] - Initializing Spring embedded WebApplicationContext
2024-04-24 16:05:52 [main] INFO  o.s.b.w.s.c.ServletWebServerApplicationContext - Root WebApplicationContext: initialization completed in 3683 ms
2024-04-24 16:05:52 [main] INFO  o.h.jpa.internal.util.LogHelper - HHH000204: Processing PersistenceUnitInfo [name: default]
2024-04-24 16:05:52 [main] INFO  org.hibernate.Version - HHH000412: Hibernate ORM core version 6.4.4.Final
2024-04-24 16:05:52 [main] INFO  o.h.c.i.RegionFactoryInitiator - HHH000026: Second-level cache disabled
2024-04-24 16:05:53 [main] INFO  o.s.o.j.p.SpringPersistenceUnitInfo - No LoadTimeWeaver setup: ignoring JPA class transformer
2024-04-24 16:05:53 [main] INFO  com.zaxxer.hikari.HikariDataSource - HikariPool-1 - Starting...
2024-04-24 16:05:54 [main] INFO  com.zaxxer.hikari.pool.HikariPool - HikariPool-1 - Added connection org.postgresql.jdbc.PgConnection@1c43df76
2024-04-24 16:05:54 [main] INFO  com.zaxxer.hikari.HikariDataSource - HikariPool-1 - Start completed.
2024-04-24 16:05:56 [main] INFO  o.h.e.t.j.p.i.JtaPlatformInitiator - HHH000489: No JTA platform available (set 'hibernate.transaction.jta.platform' to enable JTA platform integration)
2024-04-24 16:05:56 [main] INFO  o.s.o.j.LocalContainerEntityManagerFactoryBean - Initialized JPA EntityManagerFactory for persistence unit 'default'
2024-04-24 16:05:57 [main] WARN  o.s.b.a.o.j.JpaBaseConfiguration$JpaWebConfiguration - spring.jpa.open-in-view is enabled by default. Therefore, database queries may be performed during view rendering. Explicitly configure spring.jpa.open-in-view to disable this warning
2024-04-24 16:05:58 [main] DEBUG o.s.w.s.m.m.a.RequestMappingHandlerMapping - 22 mappings in 'requestMappingHandlerMapping'
2024-04-24 16:05:58 [main] DEBUG o.s.w.s.h.SimpleUrlHandlerMapping - Patterns [/webjars/**, /**] in 'resourceHandlerMapping'
2024-04-24 16:05:58 [main] DEBUG o.s.w.s.m.m.a.RequestMappingHandlerAdapter - ControllerAdvice beans: 0 @ModelAttribute, 0 @InitBinder, 1 RequestBodyAdvice, 1 ResponseBodyAdvice
2024-04-24 16:05:58 [main] DEBUG o.s.w.s.m.m.a.ExceptionHandlerExceptionResolver - ControllerAdvice beans: 1 @ExceptionHandler, 1 ResponseBodyAdvice
2024-04-24 16:05:58 [main] INFO  o.s.b.w.e.tomcat.TomcatWebServer - Tomcat started on port 8581 (http) with context path ''
2024-04-24 16:05:58 [main] INFO  c.company.AtmCardHolderApplication - Started AtmCardHolderApplication in 11.496 seconds (process running for 14.149)
2024-04-24 16:05:58 [main] INFO  c.company.utils.StartInitialization - --------- Successfully run Card Service  :>> 2024-04-24 16:05:58 <<------------->>
2024-04-24 16:06:02 [http-nio-8581-exec-2] INFO  o.a.c.c.C.[Tomcat].[localhost].[/] - Initializing Spring DispatcherServlet 'dispatcherServlet'
2024-04-24 16:06:02 [http-nio-8581-exec-2] INFO  o.s.web.servlet.DispatcherServlet - Initializing Servlet 'dispatcherServlet'
2024-04-24 16:06:02 [http-nio-8581-exec-2] DEBUG o.s.web.servlet.DispatcherServlet - Detected StandardServletMultipartResolver
2024-04-24 16:06:02 [http-nio-8581-exec-2] DEBUG o.s.web.servlet.DispatcherServlet - Detected AcceptHeaderLocaleResolver
2024-04-24 16:06:02 [http-nio-8581-exec-2] DEBUG o.s.web.servlet.DispatcherServlet - Detected FixedThemeResolver
2024-04-24 16:06:02 [http-nio-8581-exec-2] DEBUG o.s.web.servlet.DispatcherServlet - Detected org.springframework.web.servlet.view.DefaultRequestToViewNameTranslator@5ad13be4
2024-04-24 16:06:02 [http-nio-8581-exec-2] DEBUG o.s.web.servlet.DispatcherServlet - Detected org.springframework.web.servlet.support.SessionFlashMapManager@5cdf61d
2024-04-24 16:06:02 [http-nio-8581-exec-2] DEBUG o.s.web.servlet.DispatcherServlet - enableLoggingRequestDetails='false': request parameters and headers will be masked to prevent unsafe logging of potentially sensitive data
2024-04-24 16:06:02 [http-nio-8581-exec-2] INFO  o.s.web.servlet.DispatcherServlet - Completed initialization in 6 ms
2024-04-24 16:06:02 [http-nio-8581-exec-2] DEBUG o.s.web.servlet.DispatcherServlet - GET "/history/historyWithDate", parameters={}
2024-04-24 16:06:02 [http-nio-8581-exec-2] DEBUG o.s.w.s.m.m.a.RequestMappingHandlerMapping - Mapped to com.company.controller.HistoryController#historyCardWithDate(HistoryReqDto, HttpServletRequest)
2024-04-24 16:06:02 [http-nio-8581-exec-2] DEBUG o.s.w.s.m.m.a.RequestResponseBodyMethodProcessor - Read "application/json;charset=UTF-8" to [HistoryReqDto(cardNumber=8600730193930007, pinCode=1122, startDate=2024.04.24, endDate=2024.04.24)]
2024-04-24 16:06:02 [http-nio-8581-exec-2] DEBUG o.s.web.servlet.DispatcherServlet - Failed to complete request: java.time.format.DateTimeParseException: Text '2024.04.24T00:00:00.00' could not be parsed at index 4
2024-04-24 16:06:02 [http-nio-8581-exec-2] ERROR o.a.c.c.C.[.[.[.[dispatcherServlet] - Servlet.service() for servlet [dispatcherServlet] in context with path [] threw exception [Request processing failed: java.time.format.DateTimeParseException: Text '2024.04.24T00:00:00.00' could not be parsed at index 4] with root cause
java.time.format.DateTimeParseException: Text '2024.04.24T00:00:00.00' could not be parsed at index 4
	at java.base/java.time.format.DateTimeFormatter.parseResolved0(DateTimeFormatter.java:2052)
	at java.base/java.time.format.DateTimeFormatter.parse(DateTimeFormatter.java:1954)
	at java.base/java.time.LocalDateTime.parse(LocalDateTime.java:494)
	at java.base/java.time.LocalDateTime.parse(LocalDateTime.java:479)
	at com.company.service.impl.HistoryServiceImpl.getAllHistoryWithDate(HistoryServiceImpl.java:148)
	at com.company.controller.HistoryController.historyCardWithDate(HistoryController.java:32)
	at java.base/jdk.internal.reflect.NativeMethodAccessorImpl.invoke0(Native Method)
	at java.base/jdk.internal.reflect.NativeMethodAccessorImpl.invoke(NativeMethodAccessorImpl.java:77)
	at java.base/jdk.internal.reflect.DelegatingMethodAccessorImpl.invoke(DelegatingMethodAccessorImpl.java:43)
	at java.base/java.lang.reflect.Method.invoke(Method.java:568)
	at org.springframework.web.method.support.InvocableHandlerMethod.doInvoke(InvocableHandlerMethod.java:255)
	at org.springframework.web.method.support.InvocableHandlerMethod.invokeForRequest(InvocableHandlerMethod.java:188)
	at org.springframework.web.servlet.mvc.method.annotation.ServletInvocableHandlerMethod.invokeAndHandle(ServletInvocableHandlerMethod.java:118)
	at org.springframework.web.servlet.mvc.method.annotation.RequestMappingHandlerAdapter.invokeHandlerMethod(RequestMappingHandlerAdapter.java:925)
	at org.springframework.web.servlet.mvc.method.annotation.RequestMappingHandlerAdapter.handleInternal(RequestMappingHandlerAdapter.java:830)
	at org.springframework.web.servlet.mvc.method.AbstractHandlerMethodAdapter.handle(AbstractHandlerMethodAdapter.java:87)
	at org.springframework.web.servlet.DispatcherServlet.doDispatch(DispatcherServlet.java:1089)
	at org.springframework.web.servlet.DispatcherServlet.doService(DispatcherServlet.java:979)
	at org.springframework.web.servlet.FrameworkServlet.processRequest(FrameworkServlet.java:1014)
	at org.springframework.web.servlet.FrameworkServlet.doGet(FrameworkServlet.java:903)
	at jakarta.servlet.http.HttpServlet.service(HttpServlet.java:564)
	at org.springframework.web.servlet.FrameworkServlet.service(FrameworkServlet.java:885)
	at jakarta.servlet.http.HttpServlet.service(HttpServlet.java:658)
	at org.apache.catalina.core.ApplicationFilterChain.internalDoFilter(ApplicationFilterChain.java:205)
	at org.apache.catalina.core.ApplicationFilterChain.doFilter(ApplicationFilterChain.java:149)
	at org.apache.tomcat.websocket.server.WsFilter.doFilter(WsFilter.java:51)
	at org.apache.catalina.core.ApplicationFilterChain.internalDoFilter(ApplicationFilterChain.java:174)
	at org.apache.catalina.core.ApplicationFilterChain.doFilter(ApplicationFilterChain.java:149)
	at org.springframework.web.filter.RequestContextFilter.doFilterInternal(RequestContextFilter.java:100)
	at org.springframework.web.filter.OncePerRequestFilter.doFilter(OncePerRequestFilter.java:116)
	at org.apache.catalina.core.ApplicationFilterChain.internalDoFilter(ApplicationFilterChain.java:174)
	at org.apache.catalina.core.ApplicationFilterChain.doFilter(ApplicationFilterChain.java:149)
	at org.springframework.web.filter.FormContentFilter.doFilterInternal(FormContentFilter.java:93)
	at org.springframework.web.filter.OncePerRequestFilter.doFilter(OncePerRequestFilter.java:116)
	at org.apache.catalina.core.ApplicationFilterChain.internalDoFilter(ApplicationFilterChain.java:174)
	at org.apache.catalina.core.ApplicationFilterChain.doFilter(ApplicationFilterChain.java:149)
	at org.springframework.web.filter.CharacterEncodingFilter.doFilterInternal(CharacterEncodingFilter.java:201)
	at org.springframework.web.filter.OncePerRequestFilter.doFilter(OncePerRequestFilter.java:116)
	at org.apache.catalina.core.ApplicationFilterChain.internalDoFilter(ApplicationFilterChain.java:174)
	at org.apache.catalina.core.ApplicationFilterChain.doFilter(ApplicationFilterChain.java:149)
	at org.apache.catalina.core.StandardWrapperValve.invoke(StandardWrapperValve.java:167)
	at org.apache.catalina.core.StandardContextValve.invoke(StandardContextValve.java:90)
	at org.apache.catalina.authenticator.AuthenticatorBase.invoke(AuthenticatorBase.java:482)
	at org.apache.catalina.core.StandardHostValve.invoke(StandardHostValve.java:115)
	at org.apache.catalina.valves.ErrorReportValve.invoke(ErrorReportValve.java:93)
	at org.apache.catalina.core.StandardEngineValve.invoke(StandardEngineValve.java:74)
	at org.apache.catalina.connector.CoyoteAdapter.service(CoyoteAdapter.java:344)
	at org.apache.coyote.http11.Http11Processor.service(Http11Processor.java:391)
	at org.apache.coyote.AbstractProcessorLight.process(AbstractProcessorLight.java:63)
	at org.apache.coyote.AbstractProtocol$ConnectionHandler.process(AbstractProtocol.java:896)
	at org.apache.tomcat.util.net.NioEndpoint$SocketProcessor.doRun(NioEndpoint.java:1744)
	at org.apache.tomcat.util.net.SocketProcessorBase.run(SocketProcessorBase.java:52)
	at org.apache.tomcat.util.threads.ThreadPoolExecutor.runWorker(ThreadPoolExecutor.java:1191)
	at org.apache.tomcat.util.threads.ThreadPoolExecutor$Worker.run(ThreadPoolExecutor.java:659)
	at org.apache.tomcat.util.threads.TaskThread$WrappingRunnable.run(TaskThread.java:63)
	at java.base/java.lang.Thread.run(Thread.java:840)
2024-04-24 16:06:02 [http-nio-8581-exec-2] DEBUG o.s.web.servlet.DispatcherServlet - "ERROR" dispatch for GET "/error", parameters={}
2024-04-24 16:06:02 [http-nio-8581-exec-2] DEBUG o.s.w.s.m.m.a.RequestMappingHandlerMapping - Mapped to org.springframework.boot.autoconfigure.web.servlet.error.BasicErrorController#error(HttpServletRequest)
2024-04-24 16:06:02 [http-nio-8581-exec-2] DEBUG o.s.w.s.m.m.a.HttpEntityMethodProcessor - Using 'application/json', given [*/*] and supported [application/json, application/*+json]
2024-04-24 16:06:02 [http-nio-8581-exec-2] DEBUG o.s.w.s.m.m.a.HttpEntityMethodProcessor - Writing [{timestamp=Wed Apr 24 16:06:02 UZT 2024, status=500, error=Internal Server Error, path=/history/hist (truncated)...]
2024-04-24 16:06:02 [http-nio-8581-exec-2] DEBUG o.s.web.servlet.DispatcherServlet - Exiting from "ERROR" dispatch, status 500
2024-04-24 16:06:31 [http-nio-8581-exec-4] DEBUG o.s.web.servlet.DispatcherServlet - GET "/history/historyWithDate", parameters={}
2024-04-24 16:06:31 [http-nio-8581-exec-4] DEBUG o.s.w.s.m.m.a.RequestMappingHandlerMapping - Mapped to com.company.controller.HistoryController#historyCardWithDate(HistoryReqDto, HttpServletRequest)
2024-04-24 16:06:31 [http-nio-8581-exec-4] DEBUG o.s.w.s.m.m.a.RequestResponseBodyMethodProcessor - Read "application/json;charset=UTF-8" to [HistoryReqDto(cardNumber=8600730193930007, pinCode=1122, startDate=2024-04-24, endDate=2024-04-24)]
2024-04-24 16:06:31 [http-nio-8581-exec-4] INFO  c.c.exps.advice.ControllerAdvice - Client host : 		 192.168.68.185
2024-04-24 16:06:31 [http-nio-8581-exec-4] INFO  c.c.exps.advice.ControllerAdvice - Client IP :  		 localhost
2024-04-24 16:06:32 [http-nio-8581-exec-4] INFO  com.company.entity.Card - Get All History of Card 		 HistoryReqDto(cardNumber=8600730193930007, pinCode=1122, startDate=2024-04-24, endDate=2024-04-24) 
2024-04-24 16:06:32 [http-nio-8581-exec-4] DEBUG o.s.w.s.m.m.a.HttpEntityMethodProcessor - Using 'application/json', given [*/*] and supported [application/json, application/*+json]
2024-04-24 16:06:32 [http-nio-8581-exec-4] DEBUG o.s.w.s.m.m.a.HttpEntityMethodProcessor - Writing [[]]
2024-04-24 16:06:32 [http-nio-8581-exec-4] DEBUG o.s.web.servlet.DispatcherServlet - Completed 200 OK
2024-04-24 16:06:46 [http-nio-8581-exec-5] DEBUG o.s.web.servlet.DispatcherServlet - GET "/history/historyWithDate", parameters={}
2024-04-24 16:06:46 [http-nio-8581-exec-5] DEBUG o.s.w.s.m.m.a.RequestMappingHandlerMapping - Mapped to com.company.controller.HistoryController#historyCardWithDate(HistoryReqDto, HttpServletRequest)
2024-04-24 16:06:46 [http-nio-8581-exec-5] DEBUG o.s.w.s.m.m.a.RequestResponseBodyMethodProcessor - Read "application/json;charset=UTF-8" to [HistoryReqDto(cardNumber=8600730193930007, pinCode=1122, startDate=2024-03-24, endDate=2024-04-24)]
2024-04-24 16:06:46 [http-nio-8581-exec-5] INFO  c.c.exps.advice.ControllerAdvice - Client host : 		 192.168.68.185
2024-04-24 16:06:46 [http-nio-8581-exec-5] INFO  c.c.exps.advice.ControllerAdvice - Client IP :  		 localhost
2024-04-24 16:06:46 [http-nio-8581-exec-5] INFO  com.company.entity.Card - Get All History of Card 		 HistoryReqDto(cardNumber=8600730193930007, pinCode=1122, startDate=2024-03-24, endDate=2024-04-24) 
2024-04-24 16:06:46 [http-nio-8581-exec-5] DEBUG o.s.w.s.m.m.a.HttpEntityMethodProcessor - Using 'application/json', given [*/*] and supported [application/json, application/*+json]
2024-04-24 16:06:46 [http-nio-8581-exec-5] DEBUG o.s.w.s.m.m.a.HttpEntityMethodProcessor - Writing [[]]
2024-04-24 16:06:46 [http-nio-8581-exec-5] DEBUG o.s.web.servlet.DispatcherServlet - Completed 200 OK
2024-04-24 16:09:19 [SpringApplicationShutdownHook] INFO  o.s.o.j.LocalContainerEntityManagerFactoryBean - Closing JPA EntityManagerFactory for persistence unit 'default'
2024-04-24 16:09:19 [SpringApplicationShutdownHook] INFO  com.zaxxer.hikari.HikariDataSource - HikariPool-1 - Shutdown initiated...
2024-04-24 16:09:19 [SpringApplicationShutdownHook] INFO  com.zaxxer.hikari.HikariDataSource - HikariPool-1 - Shutdown completed.
2024-04-24 16:10:04 [main] INFO  c.company.AtmCardHolderApplication - Starting AtmCardHolderApplication using Java 17.0.9 with PID 15908 (C:\Users\hudoberdi23\Documents\AtmCardHolder\target\classes started by hudoberdi23 in C:\Users\hudoberdi23\Documents\AtmCardHolder)
2024-04-24 16:10:04 [main] INFO  c.company.AtmCardHolderApplication - The following 1 profile is active: "dev"
2024-04-24 16:10:06 [main] INFO  o.s.d.r.c.RepositoryConfigurationDelegate - Bootstrapping Spring Data JPA repositories in DEFAULT mode.
2024-04-24 16:10:06 [main] INFO  o.s.d.r.c.RepositoryConfigurationDelegate - Finished Spring Data repository scanning in 241 ms. Found 7 JPA repository interfaces.
2024-04-24 16:10:07 [main] INFO  o.s.b.w.e.tomcat.TomcatWebServer - Tomcat initialized with port 8581 (http)
2024-04-24 16:10:07 [main] INFO  o.a.catalina.core.StandardService - Starting service [Tomcat]
2024-04-24 16:10:07 [main] INFO  o.a.catalina.core.StandardEngine - Starting Servlet engine: [Apache Tomcat/10.1.19]
2024-04-24 16:10:07 [main] INFO  o.a.c.c.C.[Tomcat].[localhost].[/] - Initializing Spring embedded WebApplicationContext
2024-04-24 16:10:07 [main] INFO  o.s.b.w.s.c.ServletWebServerApplicationContext - Root WebApplicationContext: initialization completed in 3597 ms
2024-04-24 16:10:08 [main] INFO  o.h.jpa.internal.util.LogHelper - HHH000204: Processing PersistenceUnitInfo [name: default]
2024-04-24 16:10:08 [main] INFO  org.hibernate.Version - HHH000412: Hibernate ORM core version 6.4.4.Final
2024-04-24 16:10:08 [main] INFO  o.h.c.i.RegionFactoryInitiator - HHH000026: Second-level cache disabled
2024-04-24 16:10:08 [main] INFO  o.s.o.j.p.SpringPersistenceUnitInfo - No LoadTimeWeaver setup: ignoring JPA class transformer
2024-04-24 16:10:09 [main] INFO  com.zaxxer.hikari.HikariDataSource - HikariPool-1 - Starting...
2024-04-24 16:10:09 [main] INFO  com.zaxxer.hikari.pool.HikariPool - HikariPool-1 - Added connection org.postgresql.jdbc.PgConnection@6de610c6
2024-04-24 16:10:09 [main] INFO  com.zaxxer.hikari.HikariDataSource - HikariPool-1 - Start completed.
2024-04-24 16:10:11 [main] INFO  o.h.e.t.j.p.i.JtaPlatformInitiator - HHH000489: No JTA platform available (set 'hibernate.transaction.jta.platform' to enable JTA platform integration)
2024-04-24 16:10:12 [main] INFO  o.s.o.j.LocalContainerEntityManagerFactoryBean - Initialized JPA EntityManagerFactory for persistence unit 'default'
2024-04-24 16:10:13 [main] WARN  o.s.b.a.o.j.JpaBaseConfiguration$JpaWebConfiguration - spring.jpa.open-in-view is enabled by default. Therefore, database queries may be performed during view rendering. Explicitly configure spring.jpa.open-in-view to disable this warning
2024-04-24 16:10:13 [main] DEBUG o.s.w.s.m.m.a.RequestMappingHandlerMapping - 22 mappings in 'requestMappingHandlerMapping'
2024-04-24 16:10:13 [main] DEBUG o.s.w.s.h.SimpleUrlHandlerMapping - Patterns [/webjars/**, /**] in 'resourceHandlerMapping'
2024-04-24 16:10:13 [main] DEBUG o.s.w.s.m.m.a.RequestMappingHandlerAdapter - ControllerAdvice beans: 0 @ModelAttribute, 0 @InitBinder, 1 RequestBodyAdvice, 1 ResponseBodyAdvice
2024-04-24 16:10:13 [main] DEBUG o.s.w.s.m.m.a.ExceptionHandlerExceptionResolver - ControllerAdvice beans: 1 @ExceptionHandler, 1 ResponseBodyAdvice
2024-04-24 16:10:14 [main] INFO  o.s.b.w.e.tomcat.TomcatWebServer - Tomcat started on port 8581 (http) with context path ''
2024-04-24 16:10:14 [main] INFO  c.company.AtmCardHolderApplication - Started AtmCardHolderApplication in 11.315 seconds (process running for 15.58)
2024-04-24 16:10:14 [main] INFO  c.company.utils.StartInitialization - --------- Successfully run Card Service  :>> 2024-04-24 16:10:14 <<------------->>
2024-04-24 16:10:53 [http-nio-8581-exec-2] INFO  o.a.c.c.C.[Tomcat].[localhost].[/] - Initializing Spring DispatcherServlet 'dispatcherServlet'
2024-04-24 16:10:53 [http-nio-8581-exec-2] INFO  o.s.web.servlet.DispatcherServlet - Initializing Servlet 'dispatcherServlet'
2024-04-24 16:10:53 [http-nio-8581-exec-2] DEBUG o.s.web.servlet.DispatcherServlet - Detected StandardServletMultipartResolver
2024-04-24 16:10:53 [http-nio-8581-exec-2] DEBUG o.s.web.servlet.DispatcherServlet - Detected AcceptHeaderLocaleResolver
2024-04-24 16:10:53 [http-nio-8581-exec-2] DEBUG o.s.web.servlet.DispatcherServlet - Detected FixedThemeResolver
2024-04-24 16:10:53 [http-nio-8581-exec-2] DEBUG o.s.web.servlet.DispatcherServlet - Detected org.springframework.web.servlet.view.DefaultRequestToViewNameTranslator@71eead09
2024-04-24 16:10:53 [http-nio-8581-exec-2] DEBUG o.s.web.servlet.DispatcherServlet - Detected org.springframework.web.servlet.support.SessionFlashMapManager@3d8512e9
2024-04-24 16:10:53 [http-nio-8581-exec-2] DEBUG o.s.web.servlet.DispatcherServlet - enableLoggingRequestDetails='false': request parameters and headers will be masked to prevent unsafe logging of potentially sensitive data
2024-04-24 16:10:53 [http-nio-8581-exec-2] INFO  o.s.web.servlet.DispatcherServlet - Completed initialization in 8 ms
2024-04-24 16:10:53 [http-nio-8581-exec-2] DEBUG o.s.web.servlet.DispatcherServlet - GET "/history/historyWithDate", parameters={}
2024-04-24 16:10:53 [http-nio-8581-exec-2] DEBUG o.s.w.s.m.m.a.RequestMappingHandlerMapping - Mapped to com.company.controller.HistoryController#historyCardWithDate(HistoryReqDto, HttpServletRequest)
2024-04-24 16:10:53 [http-nio-8581-exec-2] DEBUG o.s.w.s.m.m.a.RequestResponseBodyMethodProcessor - Read "application/json;charset=UTF-8" to [HistoryReqDto(cardNumber=8600730193930007, pinCode=1122, startDate=2024-03-24, endDate=2024-04-24)]
2024-04-24 16:10:53 [http-nio-8581-exec-2] INFO  c.c.exps.advice.ControllerAdvice - Client host : 		 192.168.68.185
2024-04-24 16:10:53 [http-nio-8581-exec-2] INFO  c.c.exps.advice.ControllerAdvice - Client IP :  		 localhost
2024-04-24 16:10:54 [http-nio-8581-exec-2] INFO  com.company.entity.Card - Get All History of Card 		 HistoryReqDto(cardNumber=8600730193930007, pinCode=1122, startDate=2024-03-24, endDate=2024-04-24) 
2024-04-24 16:10:54 [http-nio-8581-exec-2] DEBUG o.s.w.s.m.m.a.HttpEntityMethodProcessor - Using 'application/json', given [*/*] and supported [application/json, application/*+json]
2024-04-24 16:10:54 [http-nio-8581-exec-2] DEBUG o.s.w.s.m.m.a.HttpEntityMethodProcessor - Writing [[HistoryWithAtmResDto(id=1, date=2024-04-19T17:35:54.002106, amount=100000.0, commission=99000.0, se (truncated)...]
2024-04-24 16:10:54 [http-nio-8581-exec-2] DEBUG o.s.web.servlet.DispatcherServlet - Completed 200 OK
2024-04-24 16:11:03 [http-nio-8581-exec-4] DEBUG o.s.web.servlet.DispatcherServlet - GET "/history/historyWithDate", parameters={}
2024-04-24 16:11:03 [http-nio-8581-exec-4] DEBUG o.s.w.s.m.m.a.RequestMappingHandlerMapping - Mapped to com.company.controller.HistoryController#historyCardWithDate(HistoryReqDto, HttpServletRequest)
2024-04-24 16:11:03 [http-nio-8581-exec-4] DEBUG o.s.w.s.m.m.a.RequestResponseBodyMethodProcessor - Read "application/json;charset=UTF-8" to [HistoryReqDto(cardNumber=8600730193930007, pinCode=1122, startDate=2024-04-24, endDate=2024-04-24)]
2024-04-24 16:11:03 [http-nio-8581-exec-4] INFO  c.c.exps.advice.ControllerAdvice - Client host : 		 192.168.68.185
2024-04-24 16:11:03 [http-nio-8581-exec-4] INFO  c.c.exps.advice.ControllerAdvice - Client IP :  		 localhost
2024-04-24 16:11:03 [http-nio-8581-exec-4] INFO  com.company.entity.Card - Get All History of Card 		 HistoryReqDto(cardNumber=8600730193930007, pinCode=1122, startDate=2024-04-24, endDate=2024-04-24) 
2024-04-24 16:11:03 [http-nio-8581-exec-4] DEBUG o.s.w.s.m.m.a.HttpEntityMethodProcessor - Using 'application/json', given [*/*] and supported [application/json, application/*+json]
2024-04-24 16:11:03 [http-nio-8581-exec-4] DEBUG o.s.w.s.m.m.a.HttpEntityMethodProcessor - Writing [[HistoryWithAtmResDto(id=13, date=2024-04-24T14:52:25.734095, amount=10580.0, commission=105.8, send (truncated)...]
2024-04-24 16:11:03 [http-nio-8581-exec-4] DEBUG o.s.web.servlet.DispatcherServlet - Completed 200 OK
2024-04-24 17:59:58 [SpringApplicationShutdownHook] INFO  o.s.o.j.LocalContainerEntityManagerFactoryBean - Closing JPA EntityManagerFactory for persistence unit 'default'
2024-04-24 17:59:58 [SpringApplicationShutdownHook] INFO  com.zaxxer.hikari.HikariDataSource - HikariPool-1 - Shutdown initiated...
2024-04-24 17:59:58 [SpringApplicationShutdownHook] INFO  com.zaxxer.hikari.HikariDataSource - HikariPool-1 - Shutdown completed.
